Using pre-set license
Built from '2020.3/staging' branch; Version is '2020.3.19f1 (68f137dc9bbe) revision 6877495'; Using compiler version '192528614'; Build Type 'Release'
OS: 'Windows 10 Pro; OS build 19044.1645; Version 2009; 64bit' Language: 'en' Physical Memory: 8060 MB
BatchMode: 1, IsHumanControllingUs: 0, StartBugReporterOnCrash: 0, Is64bit: 1, IsPro: 0

COMMAND LINE ARGUMENTS:
C:\Program Files\Unity\Hub\Editor\2020.3.19f1\Editor\Unity.exe
-adb2
-batchMode
-noUpm
-name
AssetImportWorker3
-projectPath
D:/GitHub 4 game/GitHub 4 gem/Magical_Forest
-logFile
Logs/AssetImportWorker3.log
-srvPort
3024
Successfully changed project path to: D:/GitHub 4 game/GitHub 4 gem/Magical_Forest
D:/GitHub 4 game/GitHub 4 gem/Magical_Forest
Using Asset Import Pipeline V2.
Refreshing native plugins compatible for Editor in 135.53 ms, found 2 plugins.
Preloading 0 native plugins for Editor in 0.00 ms.
Initialize engine version: 2020.3.19f1 (68f137dc9bbe)
[Subsystems] Discovering subsystems at path C:/Program Files/Unity/Hub/Editor/2020.3.19f1/Editor/Data/Resources/UnitySubsystems
[Subsystems] Discovering subsystems at path D:/GitHub 4 game/GitHub 4 gem/Magical_Forest/Assets
GfxDevice: creating device client; threaded=0
Direct3D:
    Version:  Direct3D 11.0 [level 11.1]
    Renderer: NVIDIA GeForce GTX 1050 (ID=0x1c81)
    Vendor:   
    VRAM:     1977 MB
    Driver:   27.21.14.6589
Initialize mono
Mono path[0] = 'C:/Program Files/Unity/Hub/Editor/2020.3.19f1/Editor/Data/Managed'
Mono path[1] = 'C:/Program Files/Unity/Hub/Editor/2020.3.19f1/Editor/Data/MonoBleedingEdge/lib/mono/unityjit'
Mono config path = 'C:/Program Files/Unity/Hub/Editor/2020.3.19f1/Editor/Data/MonoBleedingEdge/etc'
Using monoOptions --debugger-agent=transport=dt_socket,embedding=1,server=y,suspend=n,address=127.0.0.1:56644
Begin MonoManager ReloadAssembly
Registering precompiled unity dll's ...
Register platform support module: C:/Program Files/Unity/Hub/Editor/2020.3.19f1/Editor/Data/PlaybackEngines/WebGLSupport/UnityEditor.WebGL.Extensions.dll
Register platform support module: C:/Program Files/Unity/Hub/Editor/2020.3.19f1/Editor/Data/PlaybackEngines/WindowsStandaloneSupport/UnityEditor.WindowsStandalone.Extensions.dll
Registered in 0.003118 seconds.
Native extension for WindowsStandalone target not found
Native extension for WebGL target not found
Refreshing native plugins compatible for Editor in 539.26 ms, found 2 plugins.
Preloading 0 native plugins for Editor in 0.00 ms.
Mono: successfully reloaded assembly
- Completed reload, in  3.944 seconds
Domain Reload Profiling:
	ReloadAssembly (3945ms)
		BeginReloadAssembly (95ms)
			ExecutionOrderSort (0ms)
			DisableScriptedObjects (0ms)
			BackupInstance (0ms)
			ReleaseScriptingObjects (0ms)
			CreateAndSetChildDomain (1ms)
		EndReloadAssembly (1988ms)
			LoadAssemblies (97ms)
			RebuildTransferFunctionScriptingTraits (0ms)
			SetupTypeCache (382ms)
			ReleaseScriptCaches (0ms)
			RebuildScriptCaches (50ms)
			SetupLoadedEditorAssemblies (1431ms)
				LogAssemblyErrors (0ms)
				InitializePlatformSupportModulesInManaged (8ms)
				SetLoadedEditorAssemblies (0ms)
				RefreshPlugins (539ms)
				BeforeProcessingInitializeOnLoad (117ms)
				ProcessInitializeOnLoadAttributes (601ms)
				ProcessInitializeOnLoadMethodAttributes (164ms)
				AfterProcessingInitializeOnLoad (0ms)
				EditorAssembliesLoaded (1ms)
			ExecutionOrderSort2 (0ms)
			AwakeInstancesAfterBackupRestoration (0ms)
Platform modules already initialized, skipping
Registering precompiled user dll's ...
Registered in 0.003894 seconds.
Begin MonoManager ReloadAssembly
Native extension for WindowsStandalone target not found
Native extension for WebGL target not found
Refreshing native plugins compatible for Editor in 129.13 ms, found 2 plugins.
Preloading 0 native plugins for Editor in 0.00 ms.
Mono: successfully reloaded assembly
- Completed reload, in  4.532 seconds
Domain Reload Profiling:
	ReloadAssembly (4533ms)
		BeginReloadAssembly (228ms)
			ExecutionOrderSort (0ms)
			DisableScriptedObjects (8ms)
			BackupInstance (0ms)
			ReleaseScriptingObjects (0ms)
			CreateAndSetChildDomain (34ms)
		EndReloadAssembly (4194ms)
			LoadAssemblies (192ms)
			RebuildTransferFunctionScriptingTraits (0ms)
			SetupTypeCache (607ms)
			ReleaseScriptCaches (1ms)
			RebuildScriptCaches (139ms)
			SetupLoadedEditorAssemblies (3057ms)
				LogAssemblyErrors (0ms)
				InitializePlatformSupportModulesInManaged (5ms)
				SetLoadedEditorAssemblies (0ms)
				RefreshPlugins (129ms)
				BeforeProcessingInitializeOnLoad (123ms)
				ProcessInitializeOnLoadAttributes (841ms)
				ProcessInitializeOnLoadMethodAttributes (1950ms)
				AfterProcessingInitializeOnLoad (8ms)
				EditorAssembliesLoaded (0ms)
			ExecutionOrderSort2 (0ms)
			AwakeInstancesAfterBackupRestoration (21ms)
Platform modules already initialized, skipping
========================================================================
Worker process is ready to serve import requests
Launched and connected shader compiler UnityShaderCompiler.exe after 0.44 seconds
Refreshing native plugins compatible for Editor in 1.45 ms, found 2 plugins.
Preloading 0 native plugins for Editor in 0.00 ms.
Unloading 4486 Unused Serialized files (Serialized files now loaded: 0)
System memory in use before: 312.1 MB.
System memory in use after: 312.3 MB.

Unloading 31 unused Assets to reduce memory usage. Loaded Objects now: 4983.
Total: 9.731700 ms (FindLiveObjects: 0.529100 ms CreateObjectMapping: 0.306100 ms MarkObjects: 8.743400 ms  DeleteObjects: 0.151200 ms)

AssetImportParameters requested are different than current active one (requested -> active):
  custom:framework-win-MediaFoundation: 216162199b28c13a410421893ffa2e32 -> 
  custom:video-decoder-ogg-theora: a1e56fd34408186e4bbccfd4996cb3dc -> 
  custom:container-muxer-webm: aa71ff27fc2769a1b78a27578f13a17b -> 
  custom:container-demuxer-webm: 4f35f7cbe854078d1ac9338744f61a02 -> 
  custom:container-demuxer-ogg: 62fdf1f143b41e24485cea50d1cbac27 -> 
  custom:video-encoder-webm-vp8: eb34c28f22e8b96e1ab97ce403110664 -> 
  custom:video-decoder-webm-vp8: 9c59270c3fd7afecdb556c50c9e8de78 -> 
  custom:audio-decoder-ogg-vorbis: bf7c407c2cedff20999df2af8eb42d56 -> 
  custom:audio-encoder-webm-vorbis: bf7c407c2cedff20999df2af8eb42d56 -> 
========================================================================
Received Import Request.
  path: Assets/CharacterController/ThirdPersonPlayer.prefab
  artifactKey: Guid(1ce1682c15c8eb74ba703194a51a7b07) Importer(815301076,1909f56bfc062723c751e8b465ee728b)
Start importing Assets/CharacterController/ThirdPersonPlayer.prefab using Guid(1ce1682c15c8eb74ba703194a51a7b07) Importer(815301076,1909f56bfc062723c751e8b465ee728b)  -> (artifact id: '3f15f1f20306e477a0eb5a79977da864') in 3.952333 seconds 
  Import took 3.979451 seconds .

========================================================================
Received Prepare
Registering precompiled user dll's ...
Registered in 0.004579 seconds.
Begin MonoManager ReloadAssembly
Native extension for WindowsStandalone target not found
Native extension for WebGL target not found
Refreshing native plugins compatible for Editor in 1.72 ms, found 2 plugins.
Preloading 0 native plugins for Editor in 0.00 ms.
Mono: successfully reloaded assembly
- Completed reload, in  3.410 seconds
Domain Reload Profiling:
	ReloadAssembly (3411ms)
		BeginReloadAssembly (324ms)
			ExecutionOrderSort (0ms)
			DisableScriptedObjects (43ms)
			BackupInstance (0ms)
			ReleaseScriptingObjects (0ms)
			CreateAndSetChildDomain (110ms)
		EndReloadAssembly (2986ms)
			LoadAssemblies (155ms)
			RebuildTransferFunctionScriptingTraits (0ms)
			SetupTypeCache (614ms)
			ReleaseScriptCaches (2ms)
			RebuildScriptCaches (128ms)
			SetupLoadedEditorAssemblies (1334ms)
				LogAssemblyErrors (0ms)
				InitializePlatformSupportModulesInManaged (20ms)
				SetLoadedEditorAssemblies (0ms)
				RefreshPlugins (2ms)
				BeforeProcessingInitializeOnLoad (169ms)
				ProcessInitializeOnLoadAttributes (1121ms)
				ProcessInitializeOnLoadMethodAttributes (8ms)
				AfterProcessingInitializeOnLoad (15ms)
				EditorAssembliesLoaded (0ms)
			ExecutionOrderSort2 (0ms)
			AwakeInstancesAfterBackupRestoration (14ms)
Platform modules already initialized, skipping
Refreshing native plugins compatible for Editor in 1.08 ms, found 2 plugins.
Preloading 0 native plugins for Editor in 0.00 ms.
Unloading 4152 Unused Serialized files (Serialized files now loaded: 0)
System memory in use before: 320.7 MB.
System memory in use after: 320.9 MB.

Unloading 14 unused Assets to reduce memory usage. Loaded Objects now: 5122.
Total: 10.693600 ms (FindLiveObjects: 0.514100 ms CreateObjectMapping: 0.373100 ms MarkObjects: 9.700400 ms  DeleteObjects: 0.103900 ms)

AssetImportParameters requested are different than current active one (requested -> active):
  custom:framework-win-MediaFoundation: 216162199b28c13a410421893ffa2e32 -> 
  custom:video-decoder-ogg-theora: a1e56fd34408186e4bbccfd4996cb3dc -> 
  custom:container-muxer-webm: aa71ff27fc2769a1b78a27578f13a17b -> 
  custom:container-demuxer-webm: 4f35f7cbe854078d1ac9338744f61a02 -> 
  custom:container-demuxer-ogg: 62fdf1f143b41e24485cea50d1cbac27 -> 
  custom:video-encoder-webm-vp8: eb34c28f22e8b96e1ab97ce403110664 -> 
  custom:video-decoder-webm-vp8: 9c59270c3fd7afecdb556c50c9e8de78 -> 
  custom:audio-decoder-ogg-vorbis: bf7c407c2cedff20999df2af8eb42d56 -> 
  custom:audio-encoder-webm-vorbis: bf7c407c2cedff20999df2af8eb42d56 -> 
========================================================================
Received Prepare
Registering precompiled user dll's ...
Registered in 0.006810 seconds.
Begin MonoManager ReloadAssembly
Native extension for WindowsStandalone target not found
Native extension for WebGL target not found
Refreshing native plugins compatible for Editor in 1.57 ms, found 2 plugins.
Preloading 0 native plugins for Editor in 0.00 ms.
Mono: successfully reloaded assembly
- Completed reload, in  3.267 seconds
Domain Reload Profiling:
	ReloadAssembly (3268ms)
		BeginReloadAssembly (202ms)
			ExecutionOrderSort (0ms)
			DisableScriptedObjects (7ms)
			BackupInstance (0ms)
			ReleaseScriptingObjects (0ms)
			CreateAndSetChildDomain (95ms)
		EndReloadAssembly (2962ms)
			LoadAssemblies (138ms)
			RebuildTransferFunctionScriptingTraits (0ms)
			SetupTypeCache (1110ms)
			ReleaseScriptCaches (15ms)
			RebuildScriptCaches (121ms)
			SetupLoadedEditorAssemblies (1033ms)
				LogAssemblyErrors (0ms)
				InitializePlatformSupportModulesInManaged (7ms)
				SetLoadedEditorAssemblies (1ms)
				RefreshPlugins (2ms)
				BeforeProcessingInitializeOnLoad (167ms)
				ProcessInitializeOnLoadAttributes (838ms)
				ProcessInitializeOnLoadMethodAttributes (10ms)
				AfterProcessingInitializeOnLoad (8ms)
				EditorAssembliesLoaded (0ms)
			ExecutionOrderSort2 (0ms)
			AwakeInstancesAfterBackupRestoration (21ms)
Platform modules already initialized, skipping
Refreshing native plugins compatible for Editor in 1.47 ms, found 2 plugins.
Preloading 0 native plugins for Editor in 0.00 ms.
Unloading 4139 Unused Serialized files (Serialized files now loaded: 0)
System memory in use before: 320.2 MB.
System memory in use after: 320.4 MB.

Unloading 14 unused Assets to reduce memory usage. Loaded Objects now: 5124.
Total: 8.462400 ms (FindLiveObjects: 0.443600 ms CreateObjectMapping: 0.312400 ms MarkObjects: 7.314900 ms  DeleteObjects: 0.389800 ms)

AssetImportParameters requested are different than current active one (requested -> active):
  custom:framework-win-MediaFoundation: 216162199b28c13a410421893ffa2e32 -> 
  custom:video-decoder-ogg-theora: a1e56fd34408186e4bbccfd4996cb3dc -> 
  custom:container-muxer-webm: aa71ff27fc2769a1b78a27578f13a17b -> 
  custom:container-demuxer-webm: 4f35f7cbe854078d1ac9338744f61a02 -> 
  custom:container-demuxer-ogg: 62fdf1f143b41e24485cea50d1cbac27 -> 
  custom:video-encoder-webm-vp8: eb34c28f22e8b96e1ab97ce403110664 -> 
  custom:video-decoder-webm-vp8: 9c59270c3fd7afecdb556c50c9e8de78 -> 
  custom:audio-decoder-ogg-vorbis: bf7c407c2cedff20999df2af8eb42d56 -> 
  custom:audio-encoder-webm-vorbis: bf7c407c2cedff20999df2af8eb42d56 -> 
========================================================================
Received Prepare
Registering precompiled user dll's ...
Registered in 0.003788 seconds.
Begin MonoManager ReloadAssembly
Native extension for WindowsStandalone target not found
Native extension for WebGL target not found
Refreshing native plugins compatible for Editor in 1.02 ms, found 2 plugins.
Preloading 0 native plugins for Editor in 0.00 ms.
Mono: successfully reloaded assembly
- Completed reload, in  2.789 seconds
Domain Reload Profiling:
	ReloadAssembly (2790ms)
		BeginReloadAssembly (275ms)
			ExecutionOrderSort (0ms)
			DisableScriptedObjects (7ms)
			BackupInstance (0ms)
			ReleaseScriptingObjects (0ms)
			CreateAndSetChildDomain (129ms)
		EndReloadAssembly (2390ms)
			LoadAssemblies (206ms)
			RebuildTransferFunctionScriptingTraits (0ms)
			SetupTypeCache (758ms)
			ReleaseScriptCaches (2ms)
			RebuildScriptCaches (94ms)
			SetupLoadedEditorAssemblies (1054ms)
				LogAssemblyErrors (0ms)
				InitializePlatformSupportModulesInManaged (7ms)
				SetLoadedEditorAssemblies (0ms)
				RefreshPlugins (1ms)
				BeforeProcessingInitializeOnLoad (119ms)
				ProcessInitializeOnLoadAttributes (910ms)
				ProcessInitializeOnLoadMethodAttributes (8ms)
				AfterProcessingInitializeOnLoad (9ms)
				EditorAssembliesLoaded (0ms)
			ExecutionOrderSort2 (0ms)
			AwakeInstancesAfterBackupRestoration (24ms)
Platform modules already initialized, skipping
Refreshing native plugins compatible for Editor in 2.20 ms, found 2 plugins.
Preloading 0 native plugins for Editor in 0.00 ms.
Unloading 4139 Unused Serialized files (Serialized files now loaded: 0)
System memory in use before: 320.2 MB.
System memory in use after: 320.4 MB.

Unloading 14 unused Assets to reduce memory usage. Loaded Objects now: 5126.
Total: 6.323500 ms (FindLiveObjects: 0.827300 ms CreateObjectMapping: 0.527800 ms MarkObjects: 4.846600 ms  DeleteObjects: 0.114900 ms)

AssetImportParameters requested are different than current active one (requested -> active):
  custom:framework-win-MediaFoundation: 216162199b28c13a410421893ffa2e32 -> 
  custom:video-decoder-ogg-theora: a1e56fd34408186e4bbccfd4996cb3dc -> 
  custom:container-muxer-webm: aa71ff27fc2769a1b78a27578f13a17b -> 
  custom:container-demuxer-webm: 4f35f7cbe854078d1ac9338744f61a02 -> 
  custom:container-demuxer-ogg: 62fdf1f143b41e24485cea50d1cbac27 -> 
  custom:video-encoder-webm-vp8: eb34c28f22e8b96e1ab97ce403110664 -> 
  custom:video-decoder-webm-vp8: 9c59270c3fd7afecdb556c50c9e8de78 -> 
  custom:audio-decoder-ogg-vorbis: bf7c407c2cedff20999df2af8eb42d56 -> 
  custom:audio-encoder-webm-vorbis: bf7c407c2cedff20999df2af8eb42d56 -> 
========================================================================
Received Import Request.
  Time since last request: 1728.753162 seconds.
  path: Assets/DWk77CLUQAAdrUx.jpg
  artifactKey: Guid(c8b21a402e16b7243b72f1fa508efa83) Importer(815301076,1909f56bfc062723c751e8b465ee728b)
Start importing Assets/DWk77CLUQAAdrUx.jpg using Guid(c8b21a402e16b7243b72f1fa508efa83) Importer(815301076,1909f56bfc062723c751e8b465ee728b)  -> (artifact id: 'fee55ca28b16b72602d4b59a6532a921') in 1.035142 seconds 
  Import took 1.297444 seconds .

========================================================================
Received Import Request.
  Time since last request: 0.000240 seconds.
  path: Assets/Stontex_2.png
  artifactKey: Guid(4e0741f2dab283b4096d23bc23332719) Importer(815301076,1909f56bfc062723c751e8b465ee728b)
Start importing Assets/Stontex_2.png using Guid(4e0741f2dab283b4096d23bc23332719) Importer(815301076,1909f56bfc062723c751e8b465ee728b)  -> (artifact id: '273a868c775c6f4f7d66d646a3d4aa61') in 0.098531 seconds 
  Import took 0.112780 seconds .

========================================================================
Received Import Request.
  Time since last request: 0.000049 seconds.
  path: Assets/ddppxf4-7363f92e-76fd-4850-9248-046a5d23e08c.png
  artifactKey: Guid(ef11ed1be882b7142a2bb76c93207d7d) Importer(815301076,1909f56bfc062723c751e8b465ee728b)
Start importing Assets/ddppxf4-7363f92e-76fd-4850-9248-046a5d23e08c.png using Guid(ef11ed1be882b7142a2bb76c93207d7d) Importer(815301076,1909f56bfc062723c751e8b465ee728b)  -> (artifact id: 'bab03bf5c5ff0b2a74af508ab015b673') in 0.089217 seconds 
  Import took 0.104408 seconds .

========================================================================
Received Import Request.
  Time since last request: 0.000192 seconds.
  path: Assets/Prefabs/96329cff87f7e97d82312d6cae2f21a0.jpg
  artifactKey: Guid(f4a50dd7745a3d648bbd18aa9713345c) Importer(815301076,1909f56bfc062723c751e8b465ee728b)
Start importing Assets/Prefabs/96329cff87f7e97d82312d6cae2f21a0.jpg using Guid(f4a50dd7745a3d648bbd18aa9713345c) Importer(815301076,1909f56bfc062723c751e8b465ee728b)  -> (artifact id: 'a325b149f1fbba4e625782b6065ab895') in 0.096189 seconds 
  Import took 0.106343 seconds .

========================================================================
Received Import Request.
  Time since last request: 0.000211 seconds.
  path: Assets/de0a6fadf6bdd5f219f9418d7acd4711.jpg
  artifactKey: Guid(537cb2bda0c20244d8fcae1dadf4091a) Importer(815301076,1909f56bfc062723c751e8b465ee728b)
Start importing Assets/de0a6fadf6bdd5f219f9418d7acd4711.jpg using Guid(537cb2bda0c20244d8fcae1dadf4091a) Importer(815301076,1909f56bfc062723c751e8b465ee728b)  -> (artifact id: '96bafeadb85ebcfe3a29a1cf38717e3e') in 0.120128 seconds 
  Import took 0.129524 seconds .

========================================================================
Received Import Request.
  Time since last request: 3172.447476 seconds.
  path: Assets/Prefabs/New Material 1.mat
  artifactKey: Guid(b25c7693f0279f149aeb33b562f35a55) Importer(815301076,1909f56bfc062723c751e8b465ee728b)
Start importing Assets/Prefabs/New Material 1.mat using Guid(b25c7693f0279f149aeb33b562f35a55) Importer(815301076,1909f56bfc062723c751e8b465ee728b)  -> (artifact id: '16c7d98f9b67b4e16c5c51c6cae0dc06') in 1.840001 seconds 
  Import took 1.969401 seconds .

========================================================================
Received Import Request.
  Time since last request: 0.000335 seconds.
  path: Assets/Prefabs/Plain-Game-Gold-Coin.png
  artifactKey: Guid(978ecaccdde440a43836f8f5ad0a7799) Importer(815301076,1909f56bfc062723c751e8b465ee728b)
Start importing Assets/Prefabs/Plain-Game-Gold-Coin.png using Guid(978ecaccdde440a43836f8f5ad0a7799) Importer(815301076,1909f56bfc062723c751e8b465ee728b)  -> (artifact id: '4b66257291fd0acd486ac41d07e69232') in 0.100467 seconds 
  Import took 0.116195 seconds .

========================================================================
Received Import Request.
  Time since last request: 0.000236 seconds.
  path: Assets/Prefabs/poop.fbx
  artifactKey: Guid(3f608ee85bb465d46bcef994ccc3b790) Importer(815301076,1909f56bfc062723c751e8b465ee728b)
Start importing Assets/Prefabs/poop.fbx using Guid(3f608ee85bb465d46bcef994ccc3b790) Importer(815301076,1909f56bfc062723c751e8b465ee728b)  -> (artifact id: 'a764b7dd323e7b49372244c375fe3977') in 0.589557 seconds 
  Import took 0.609189 seconds .

========================================================================
Received Import Request.
  Time since last request: 0.000221 seconds.
  path: Assets/Prefabs/sign.mat
  artifactKey: Guid(4e37b7af79fb9a148a6f7f6d2188d533) Importer(815301076,1909f56bfc062723c751e8b465ee728b)
Start importing Assets/Prefabs/sign.mat using Guid(4e37b7af79fb9a148a6f7f6d2188d533) Importer(815301076,1909f56bfc062723c751e8b465ee728b)  -> (artifact id: 'c0d17bb77264765bbcd0c6c196818a25') in 0.140242 seconds 
  Import took 0.159317 seconds .

========================================================================
Received Import Request.
  Time since last request: 0.000256 seconds.
  path: Assets/Prefabs/textsign.fbx
  artifactKey: Guid(49778f317d51405498303ebe3a9d557f) Importer(815301076,1909f56bfc062723c751e8b465ee728b)
Start importing Assets/Prefabs/textsign.fbx using Guid(49778f317d51405498303ebe3a9d557f) Importer(815301076,1909f56bfc062723c751e8b465ee728b)  -> (artifact id: '4a2d9b7f74f3fe2e5db239dadc5a593c') in 0.194156 seconds 
  Import took 0.207552 seconds .

========================================================================
Received Import Request.
  Time since last request: 0.000064 seconds.
  path: Assets/Prefabs/Structures/EnemyTower.fbx
  artifactKey: Guid(a75c229300ce523449e238a983f85e32) Importer(815301076,1909f56bfc062723c751e8b465ee728b)
Start importing Assets/Prefabs/Structures/EnemyTower.fbx using Guid(a75c229300ce523449e238a983f85e32) Importer(815301076,1909f56bfc062723c751e8b465ee728b)  -> (artifact id: 'dabbd08bb4f749dadc42f4404c6b1a0b') in 0.843810 seconds 
  Import took 0.859641 seconds .

========================================================================
Received Import Request.
  Time since last request: 0.000687 seconds.
  path: Assets/Prefabs/Structures/Dungeon/Material.007.mat
  artifactKey: Guid(02bcca3014cbb0043b5c64ceca14b8d0) Importer(815301076,1909f56bfc062723c751e8b465ee728b)
Start importing Assets/Prefabs/Structures/Dungeon/Material.007.mat using Guid(02bcca3014cbb0043b5c64ceca14b8d0) Importer(815301076,1909f56bfc062723c751e8b465ee728b)  -> (artifact id: '0035890b1bec7d39884943060e2ca785') in 0.100751 seconds 
  Import took 0.114074 seconds .

========================================================================
Received Import Request.
  Time since last request: 0.000297 seconds.
  path: Assets/Prefabs/Structures/Dungeon/Material.001.mat
  artifactKey: Guid(b9bff78cb1c1e7c4fb333f739f5b1474) Importer(815301076,1909f56bfc062723c751e8b465ee728b)
Start importing Assets/Prefabs/Structures/Dungeon/Material.001.mat using Guid(b9bff78cb1c1e7c4fb333f739f5b1474) Importer(815301076,1909f56bfc062723c751e8b465ee728b)  -> (artifact id: '7d9c0ad2868a66b58532fb609acbb092') in 0.091193 seconds 
  Import took 0.101934 seconds .

========================================================================
Received Import Request.
  Time since last request: 0.000184 seconds.
  path: Assets/Prefabs/Structures/Dungeon/dungeon.fbx
  artifactKey: Guid(bc69328a3f1783842a93aa910bfbb372) Importer(815301076,1909f56bfc062723c751e8b465ee728b)
Start importing Assets/Prefabs/Structures/Dungeon/dungeon.fbx using Guid(bc69328a3f1783842a93aa910bfbb372) Importer(815301076,1909f56bfc062723c751e8b465ee728b)  -> (artifact id: 'ed9fac82a05fcb220934816b959e1098') in 1.068477 seconds 
  Import took 1.088394 seconds .

========================================================================
Received Import Request.
  Time since last request: 0.000199 seconds.
  path: Assets/Prefabs/Structures/Dungeon/Material.004.mat
  artifactKey: Guid(4d2991ab3ecbf7049ab4630f714379fb) Importer(815301076,1909f56bfc062723c751e8b465ee728b)
Start importing Assets/Prefabs/Structures/Dungeon/Material.004.mat using Guid(4d2991ab3ecbf7049ab4630f714379fb) Importer(815301076,1909f56bfc062723c751e8b465ee728b)  -> (artifact id: 'a7e21af5cc02233316ef1b7007d4abca') in 0.095682 seconds 
  Import took 0.108083 seconds .

========================================================================
Received Import Request.
  Time since last request: 0.000184 seconds.
  path: Assets/Prefabs/Structures/d1r6tgw-31bd1bf3-ad36-4800-af31-12e3b815fcc4.png
  artifactKey: Guid(29fce719c669a7c40b2510cf29d5f76a) Importer(815301076,1909f56bfc062723c751e8b465ee728b)
Start importing Assets/Prefabs/Structures/d1r6tgw-31bd1bf3-ad36-4800-af31-12e3b815fcc4.png using Guid(29fce719c669a7c40b2510cf29d5f76a) Importer(815301076,1909f56bfc062723c751e8b465ee728b)  -> (artifact id: 'ee771e82adc06858eaf1c329fb93a0b8') in 0.091076 seconds 
  Import took 0.112961 seconds .

========================================================================
Received Import Request.
  Time since last request: 0.000199 seconds.
  path: Assets/Prefabs/Structures/Dungeon/Material.002.mat
  artifactKey: Guid(ee04faf260e75ee4ab71403a8f39a8d6) Importer(815301076,1909f56bfc062723c751e8b465ee728b)
Start importing Assets/Prefabs/Structures/Dungeon/Material.002.mat using Guid(ee04faf260e75ee4ab71403a8f39a8d6) Importer(815301076,1909f56bfc062723c751e8b465ee728b)  -> (artifact id: '7d6e14a21d4e20792296de6c5a19fdd6') in 0.118727 seconds 
  Import took 0.137267 seconds .

========================================================================
Received Import Request.
  Time since last request: 0.000248 seconds.
  path: Assets/Prefabs/Structures/Dungeon/woodenHouse2.fbx
  artifactKey: Guid(8165c1fc3ae884249bd6ea0bf6e683f1) Importer(815301076,1909f56bfc062723c751e8b465ee728b)
Start importing Assets/Prefabs/Structures/Dungeon/woodenHouse2.fbx using Guid(8165c1fc3ae884249bd6ea0bf6e683f1) Importer(815301076,1909f56bfc062723c751e8b465ee728b)  -> (artifact id: 'ba3aec99a7ce8802caa97f45a1691f74') in 2.155955 seconds 
  Import took 2.169170 seconds .

========================================================================
Received Import Request.
  Time since last request: 0.000770 seconds.
  path: Assets/Prefabs/Structures/Dungeon/Material.003.mat
  artifactKey: Guid(87d3470e77095924fb085c3ec08dabb4) Importer(815301076,1909f56bfc062723c751e8b465ee728b)
Start importing Assets/Prefabs/Structures/Dungeon/Material.003.mat using Guid(87d3470e77095924fb085c3ec08dabb4) Importer(815301076,1909f56bfc062723c751e8b465ee728b)  -> (artifact id: 'e914f0e473a5de17a0faafa86b212b9b') in 0.032689 seconds 
  Import took 0.043513 seconds .

========================================================================
Received Import Request.
  Time since last request: 0.000174 seconds.
  path: Assets/Prefabs/New Material.mat
  artifactKey: Guid(3c36ed7279777f34790bc567f3629cfc) Importer(815301076,1909f56bfc062723c751e8b465ee728b)
Start importing Assets/Prefabs/New Material.mat using Guid(3c36ed7279777f34790bc567f3629cfc) Importer(815301076,1909f56bfc062723c751e8b465ee728b)  -> (artifact id: '4ec3bbd5f2d0ffdfd0dafeea8f1c1543') in 0.125396 seconds 
  Import took 0.133971 seconds .

========================================================================
Received Import Request.
  Time since last request: 0.000186 seconds.
  path: Assets/Prefabs/Structures/Dungeon/Material.006.mat
  artifactKey: Guid(6db61ab82e56a8d428598defd2dc7175) Importer(815301076,1909f56bfc062723c751e8b465ee728b)
Start importing Assets/Prefabs/Structures/Dungeon/Material.006.mat using Guid(6db61ab82e56a8d428598defd2dc7175) Importer(815301076,1909f56bfc062723c751e8b465ee728b)  -> (artifact id: 'df6b2d7613f9536b7f489da41baebcc9') in 0.027334 seconds 
  Import took 0.035572 seconds .

========================================================================
Received Import Request.
  Time since last request: 0.000178 seconds.
  path: Assets/Prefabs/Structures/Dungeon/Material.005.mat
  artifactKey: Guid(c09022996e1004145bc68cf04e6063c6) Importer(815301076,1909f56bfc062723c751e8b465ee728b)
Start importing Assets/Prefabs/Structures/Dungeon/Material.005.mat using Guid(c09022996e1004145bc68cf04e6063c6) Importer(815301076,1909f56bfc062723c751e8b465ee728b)  -> (artifact id: '0cb06045cb83f84a68f28f649372d2e9') in 0.029646 seconds 
  Import took 0.048583 seconds .

========================================================================
Received Import Request.
  Time since last request: 0.000296 seconds.
  path: Assets/Prefabs/Structures/Dungeon/Light_08 Variant.prefab
  artifactKey: Guid(236f2887c37bbf846904268a79b120ac) Importer(815301076,1909f56bfc062723c751e8b465ee728b)
Start importing Assets/Prefabs/Structures/Dungeon/Light_08 Variant.prefab using Guid(236f2887c37bbf846904268a79b120ac) Importer(815301076,1909f56bfc062723c751e8b465ee728b)  -> (artifact id: 'b8068941ec387a0a8f91e20adf702a97') in 0.209729 seconds 
  Import took 0.244049 seconds .

========================================================================
Received Import Request.
  Time since last request: 0.000254 seconds.
  path: Assets/Prefabs/Structures/images.png
  artifactKey: Guid(3e5ce5239ec0acd41b6adb4d4a675e4a) Importer(815301076,1909f56bfc062723c751e8b465ee728b)
Start importing Assets/Prefabs/Structures/images.png using Guid(3e5ce5239ec0acd41b6adb4d4a675e4a) Importer(815301076,1909f56bfc062723c751e8b465ee728b)  -> (artifact id: '0230817b7fe8988b4f4022f5b93ca260') in 0.013930 seconds 
  Import took 0.022610 seconds .

========================================================================
Received Import Request.
  Time since last request: 0.000197 seconds.
  path: Assets/Prefabs/Structures/Dungeon/Material.mat
  artifactKey: Guid(821443fcba6a27142ba025f573989dde) Importer(815301076,1909f56bfc062723c751e8b465ee728b)
Start importing Assets/Prefabs/Structures/Dungeon/Material.mat using Guid(821443fcba6a27142ba025f573989dde) Importer(815301076,1909f56bfc062723c751e8b465ee728b)  -> (artifact id: '7c6d5a451c04a5fd624299bacd879848') in 0.034358 seconds 
  Import took 0.045873 seconds .

========================================================================
Received Import Request.
  Time since last request: 0.000570 seconds.
  path: Assets/Prefabs/sign.fbx
  artifactKey: Guid(34d891345d9432e4abd2018ebd232edf) Importer(815301076,1909f56bfc062723c751e8b465ee728b)
Start importing Assets/Prefabs/sign.fbx using Guid(34d891345d9432e4abd2018ebd232edf) Importer(815301076,1909f56bfc062723c751e8b465ee728b)  -> (artifact id: 'd71d961ebc021f52323ea1bac825ff50') in 0.269179 seconds 
  Import took 0.290180 seconds .

========================================================================
Received Import Request.
  Time since last request: 0.003657 seconds.
  path: Assets/Prefabs/Structures/Dungeon/house 2 - Copy.fbx
  artifactKey: Guid(e4de23691abe1ba4a8d073e25c9a5d15) Importer(815301076,1909f56bfc062723c751e8b465ee728b)
Start importing Assets/Prefabs/Structures/Dungeon/house 2 - Copy.fbx using Guid(e4de23691abe1ba4a8d073e25c9a5d15) Importer(815301076,1909f56bfc062723c751e8b465ee728b)  -> (artifact id: '45b707a68b13ad7c57d5371340e5482c') in 1.152420 seconds 
  Import took 1.166342 seconds .

========================================================================
Received Import Request.
  Time since last request: 3.209808 seconds.
  path: Assets/Prefabs/Structures/Dungeon/deungeonEntrance.fbx
  artifactKey: Guid(a02111f8c5bd6fe409caa74bd37debe7) Importer(815301076,1909f56bfc062723c751e8b465ee728b)
Start importing Assets/Prefabs/Structures/Dungeon/deungeonEntrance.fbx using Guid(a02111f8c5bd6fe409caa74bd37debe7) Importer(815301076,1909f56bfc062723c751e8b465ee728b)  -> (artifact id: 'db778b025102c13c0c6889b24927c014') in 0.410491 seconds 
  Import took 0.431219 seconds .

========================================================================
Received Import Request.
  Time since last request: 18.168877 seconds.
  path: Assets/Prefabs/Structures/Dungeon/deungeonEntrance.fbx
  artifactKey: Guid(a02111f8c5bd6fe409caa74bd37debe7) Importer(815301076,1909f56bfc062723c751e8b465ee728b)
Start importing Assets/Prefabs/Structures/Dungeon/deungeonEntrance.fbx using Guid(a02111f8c5bd6fe409caa74bd37debe7) Importer(815301076,1909f56bfc062723c751e8b465ee728b)  -> (artifact id: 'd25f3c43973bade2b319364dcfc58577') in 0.649526 seconds 
  Import took 0.701104 seconds .

========================================================================
Received Import Request.
  Time since last request: 0.000179 seconds.
  path: Assets/Prefabs/Structures/Dungeon/media.caspianmedia.comimage3ec4ff25793762d51b87f10715f98e17-c00879c5d4895a0d6197cf5b29536ede98f5fe1e.png
  artifactKey: Guid(56f361fb44148e54a8a82fc0538528fd) Importer(815301076,1909f56bfc062723c751e8b465ee728b)
Start importing Assets/Prefabs/Structures/Dungeon/media.caspianmedia.comimage3ec4ff25793762d51b87f10715f98e17-c00879c5d4895a0d6197cf5b29536ede98f5fe1e.png using Guid(56f361fb44148e54a8a82fc0538528fd) Importer(815301076,1909f56bfc062723c751e8b465ee728b)  -> (artifact id: 'ed9a58837eb4500e80b03a6de0f43aff') in 0.081496 seconds 
  Import took 0.096055 seconds .

AssetImportWorkerClient::OnTransportError - code=2 error=End of file
