Using pre-set license
Built from '2020.3/staging' branch; Version is '2020.3.19f1 (68f137dc9bbe) revision 6877495'; Using compiler version '192528614'; Build Type 'Release'
OS: 'Windows 10 Pro; OS build 19044.1706; Version 2009; 64bit' Language: 'en' Physical Memory: 8060 MB
BatchMode: 1, IsHumanControllingUs: 0, StartBugReporterOnCrash: 0, Is64bit: 1, IsPro: 0

COMMAND LINE ARGUMENTS:
C:\Program Files\Unity\Hub\Editor\2020.3.19f1\Editor\Unity.exe
-adb2
-batchMode
-noUpm
-name
AssetImportWorker6
-projectPath
D:/GitHub 4 game/GitHub 4 gem/Magical_Forest
-logFile
Logs/AssetImportWorker6.log
-srvPort
5575
Successfully changed project path to: D:/GitHub 4 game/GitHub 4 gem/Magical_Forest
D:/GitHub 4 game/GitHub 4 gem/Magical_Forest
Using Asset Import Pipeline V2.
Refreshing native plugins compatible for Editor in 430.91 ms, found 2 plugins.
Preloading 0 native plugins for Editor in 0.00 ms.
Initialize engine version: 2020.3.19f1 (68f137dc9bbe)
[Subsystems] Discovering subsystems at path C:/Program Files/Unity/Hub/Editor/2020.3.19f1/Editor/Data/Resources/UnitySubsystems
[Subsystems] Discovering subsystems at path D:/GitHub 4 game/GitHub 4 gem/Magical_Forest/Assets
GfxDevice: creating device client; threaded=0
Direct3D:
    Version:  Direct3D 11.0 [level 11.1]
    Renderer: NVIDIA GeForce GTX 1050 (ID=0x1c81)
    Vendor:   
    VRAM:     1977 MB
    Driver:   27.21.14.6589
Initialize mono
Mono path[0] = 'C:/Program Files/Unity/Hub/Editor/2020.3.19f1/Editor/Data/Managed'
Mono path[1] = 'C:/Program Files/Unity/Hub/Editor/2020.3.19f1/Editor/Data/MonoBleedingEdge/lib/mono/unityjit'
Mono config path = 'C:/Program Files/Unity/Hub/Editor/2020.3.19f1/Editor/Data/MonoBleedingEdge/etc'
Using monoOptions --debugger-agent=transport=dt_socket,embedding=1,server=y,suspend=n,address=127.0.0.1:56296
Begin MonoManager ReloadAssembly
Registering precompiled unity dll's ...
Register platform support module: C:/Program Files/Unity/Hub/Editor/2020.3.19f1/Editor/Data/PlaybackEngines/WebGLSupport/UnityEditor.WebGL.Extensions.dll
Register platform support module: C:/Program Files/Unity/Hub/Editor/2020.3.19f1/Editor/Data/PlaybackEngines/WindowsStandaloneSupport/UnityEditor.WindowsStandalone.Extensions.dll
Registered in 0.010297 seconds.
Native extension for WindowsStandalone target not found
Native extension for WebGL target not found
Refreshing native plugins compatible for Editor in 294.83 ms, found 2 plugins.
Preloading 0 native plugins for Editor in 0.00 ms.
Mono: successfully reloaded assembly
- Completed reload, in  3.840 seconds
Domain Reload Profiling:
	ReloadAssembly (3841ms)
		BeginReloadAssembly (196ms)
			ExecutionOrderSort (0ms)
			DisableScriptedObjects (0ms)
			BackupInstance (0ms)
			ReleaseScriptingObjects (0ms)
			CreateAndSetChildDomain (5ms)
		EndReloadAssembly (1315ms)
			LoadAssemblies (188ms)
			RebuildTransferFunctionScriptingTraits (0ms)
			SetupTypeCache (494ms)
			ReleaseScriptCaches (0ms)
			RebuildScriptCaches (87ms)
			SetupLoadedEditorAssemblies (522ms)
				LogAssemblyErrors (0ms)
				InitializePlatformSupportModulesInManaged (14ms)
				SetLoadedEditorAssemblies (2ms)
				RefreshPlugins (295ms)
				BeforeProcessingInitializeOnLoad (19ms)
				ProcessInitializeOnLoadAttributes (104ms)
				ProcessInitializeOnLoadMethodAttributes (87ms)
				AfterProcessingInitializeOnLoad (0ms)
				EditorAssembliesLoaded (1ms)
			ExecutionOrderSort2 (0ms)
			AwakeInstancesAfterBackupRestoration (0ms)
Platform modules already initialized, skipping
Registering precompiled user dll's ...
Registered in 0.012182 seconds.
Begin MonoManager ReloadAssembly
Native extension for WindowsStandalone target not found
Native extension for WebGL target not found
Refreshing native plugins compatible for Editor in 391.38 ms, found 2 plugins.
Preloading 0 native plugins for Editor in 0.00 ms.
Mono: successfully reloaded assembly
- Completed reload, in 10.370 seconds
Domain Reload Profiling:
	ReloadAssembly (10372ms)
		BeginReloadAssembly (463ms)
			ExecutionOrderSort (0ms)
			DisableScriptedObjects (13ms)
			BackupInstance (0ms)
			ReleaseScriptingObjects (1ms)
			CreateAndSetChildDomain (66ms)
		EndReloadAssembly (9681ms)
			LoadAssemblies (2362ms)
			RebuildTransferFunctionScriptingTraits (0ms)
			SetupTypeCache (1269ms)
			ReleaseScriptCaches (2ms)
			RebuildScriptCaches (380ms)
			SetupLoadedEditorAssemblies (5288ms)
				LogAssemblyErrors (0ms)
				InitializePlatformSupportModulesInManaged (16ms)
				SetLoadedEditorAssemblies (1ms)
				RefreshPlugins (392ms)
				BeforeProcessingInitializeOnLoad (329ms)
				ProcessInitializeOnLoadAttributes (2797ms)
				ProcessInitializeOnLoadMethodAttributes (1728ms)
				AfterProcessingInitializeOnLoad (25ms)
				EditorAssembliesLoaded (1ms)
			ExecutionOrderSort2 (0ms)
			AwakeInstancesAfterBackupRestoration (21ms)
Platform modules already initialized, skipping
========================================================================
Worker process is ready to serve import requests
Launched and connected shader compiler UnityShaderCompiler.exe after 0.84 seconds
Refreshing native plugins compatible for Editor in 2.94 ms, found 2 plugins.
Preloading 0 native plugins for Editor in 0.00 ms.
Unloading 4939 Unused Serialized files (Serialized files now loaded: 0)
System memory in use before: 327.1 MB.
System memory in use after: 327.4 MB.

Unloading 35 unused Assets to reduce memory usage. Loaded Objects now: 5433.
Total: 15.902700 ms (FindLiveObjects: 1.357000 ms CreateObjectMapping: 1.486800 ms MarkObjects: 11.872300 ms  DeleteObjects: 1.183900 ms)

AssetImportParameters requested are different than current active one (requested -> active):
  custom:framework-win-MediaFoundation: 216162199b28c13a410421893ffa2e32 -> 
  custom:video-decoder-ogg-theora: a1e56fd34408186e4bbccfd4996cb3dc -> 
  custom:container-muxer-webm: aa71ff27fc2769a1b78a27578f13a17b -> 
  custom:container-demuxer-webm: 4f35f7cbe854078d1ac9338744f61a02 -> 
  custom:container-demuxer-ogg: 62fdf1f143b41e24485cea50d1cbac27 -> 
  custom:video-encoder-webm-vp8: eb34c28f22e8b96e1ab97ce403110664 -> 
  custom:video-decoder-webm-vp8: 9c59270c3fd7afecdb556c50c9e8de78 -> 
  custom:audio-decoder-ogg-vorbis: bf7c407c2cedff20999df2af8eb42d56 -> 
  custom:audio-encoder-webm-vorbis: bf7c407c2cedff20999df2af8eb42d56 -> 
========================================================================
Received Import Request.
  path: Assets/721e5e5d939bb9808987e868adcaad70.jpg
  artifactKey: Guid(6b0ba969de1855144b94344b841b907d) Importer(815301076,1909f56bfc062723c751e8b465ee728b)
Start importing Assets/721e5e5d939bb9808987e868adcaad70.jpg using Guid(6b0ba969de1855144b94344b841b907d) Importer(815301076,1909f56bfc062723c751e8b465ee728b)  -> (artifact id: '84e8a585170e7ad97cb36090470c3069') in 0.503203 seconds 
  Import took 0.550238 seconds .

========================================================================
Received Import Request.
  Time since last request: 0.000503 seconds.
  path: Assets/New Terrain 7.asset
  artifactKey: Guid(4d2f33c5e4fab9d40aef3d8bbd766ed6) Importer(815301076,1909f56bfc062723c751e8b465ee728b)
Start importing Assets/New Terrain 7.asset using Guid(4d2f33c5e4fab9d40aef3d8bbd766ed6) Importer(815301076,1909f56bfc062723c751e8b465ee728b)  -> (artifact id: 'cc9ba45b49e5dc57e679c436e45bfb6a') in 0.506849 seconds 
  Import took 0.547471 seconds .

========================================================================
Received Import Request.
  Time since last request: 0.000305 seconds.
  path: Assets/NewLayer 8.terrainlayer
  artifactKey: Guid(2c2a1dd248cab7c40b8562410ab9123d) Importer(815301076,1909f56bfc062723c751e8b465ee728b)
Start importing Assets/NewLayer 8.terrainlayer using Guid(2c2a1dd248cab7c40b8562410ab9123d) Importer(815301076,1909f56bfc062723c751e8b465ee728b)  -> (artifact id: 'cc43ca157c8e184870c47d467216d43b') in 0.299772 seconds 
  Import took 0.324515 seconds .

========================================================================
Received Import Request.
  Time since last request: 0.000345 seconds.
  path: Assets/NewLayer 4.terrainlayer
  artifactKey: Guid(2e5a30d1fa0eba54fb44b60a85d3c82f) Importer(815301076,1909f56bfc062723c751e8b465ee728b)
Start importing Assets/NewLayer 4.terrainlayer using Guid(2e5a30d1fa0eba54fb44b60a85d3c82f) Importer(815301076,1909f56bfc062723c751e8b465ee728b)  -> (artifact id: 'f76352dd7e4ecb8ee96fc250c9fd7982') in 0.092491 seconds 
  Import took 0.119450 seconds .

========================================================================
Received Import Request.
  Time since last request: 0.000326 seconds.
  path: Assets/New Terrain 8.asset
  artifactKey: Guid(31f9a8b5337bc264aa7cff00b79508c2) Importer(815301076,1909f56bfc062723c751e8b465ee728b)
Start importing Assets/New Terrain 8.asset using Guid(31f9a8b5337bc264aa7cff00b79508c2) Importer(815301076,1909f56bfc062723c751e8b465ee728b)  -> (artifact id: '2bb1f1a54303e5d5010278e786e73974') in 0.142079 seconds 
  Import took 0.193619 seconds .

========================================================================
Received Import Request.
  Time since last request: 0.000457 seconds.
  path: Assets/NewLayer.terrainlayer
  artifactKey: Guid(d8a1478854f0f7445929087601f5abe2) Importer(815301076,1909f56bfc062723c751e8b465ee728b)
Start importing Assets/NewLayer.terrainlayer using Guid(d8a1478854f0f7445929087601f5abe2) Importer(815301076,1909f56bfc062723c751e8b465ee728b)  -> (artifact id: '87e3fba26cae2231d9b96204559b73c9') in 0.090599 seconds 
  Import took 0.112902 seconds .

========================================================================
Received Import Request.
  Time since last request: 0.000397 seconds.
  path: Assets/chain (4).prefab
  artifactKey: Guid(15620cb5ff4fd4347875db1bff061d3c) Importer(815301076,1909f56bfc062723c751e8b465ee728b)
Start importing Assets/chain (4).prefab using Guid(15620cb5ff4fd4347875db1bff061d3c) Importer(815301076,1909f56bfc062723c751e8b465ee728b)  -> (artifact id: 'd97fea07ad763d58e89ae128593c3d2b') in 3.531827 seconds 
  Import took 3.559570 seconds .

========================================================================
Received Import Request.
  Time since last request: 0.000519 seconds.
  path: Assets/ddppxf4-7363f92e-76fd-4850-9248-046a5d23e08c.png
  artifactKey: Guid(ef11ed1be882b7142a2bb76c93207d7d) Importer(815301076,1909f56bfc062723c751e8b465ee728b)
Start importing Assets/ddppxf4-7363f92e-76fd-4850-9248-046a5d23e08c.png using Guid(ef11ed1be882b7142a2bb76c93207d7d) Importer(815301076,1909f56bfc062723c751e8b465ee728b)  -> (artifact id: 'f0565a12cff08e00320f3956e88f1bcb') in 0.130847 seconds 
  Import took 0.152217 seconds .

========================================================================
Received Import Request.
  Time since last request: 0.000352 seconds.
  path: Assets/NewLayer 1.terrainlayer
  artifactKey: Guid(cfe54455ebe5c484a92bf56755370050) Importer(815301076,1909f56bfc062723c751e8b465ee728b)
Start importing Assets/NewLayer 1.terrainlayer using Guid(cfe54455ebe5c484a92bf56755370050) Importer(815301076,1909f56bfc062723c751e8b465ee728b)  -> (artifact id: '18048a93cc82dd2a0983afc214375fe5') in 0.070209 seconds 
  Import took 0.092792 seconds .

========================================================================
Received Import Request.
  Time since last request: 0.000390 seconds.
  path: Assets/New Terrain 2.asset
  artifactKey: Guid(b83739a849aa9fc4bb9ac9157c8bc7ee) Importer(815301076,1909f56bfc062723c751e8b465ee728b)
Start importing Assets/New Terrain 2.asset using Guid(b83739a849aa9fc4bb9ac9157c8bc7ee) Importer(815301076,1909f56bfc062723c751e8b465ee728b)  -> (artifact id: '93aea5ca153558bac81de003f06fd736') in 0.060464 seconds 
  Import took 0.072459 seconds .

========================================================================
Received Import Request.
  Time since last request: 0.000244 seconds.
  path: Assets/New Terrain 4.asset
  artifactKey: Guid(a00e8f5ec62f8784fa4f176644207e60) Importer(815301076,1909f56bfc062723c751e8b465ee728b)
Start importing Assets/New Terrain 4.asset using Guid(a00e8f5ec62f8784fa4f176644207e60) Importer(815301076,1909f56bfc062723c751e8b465ee728b)  -> (artifact id: '1a912afb2e668bd2b08333a3c2353a50') in 0.020269 seconds 
  Import took 0.030955 seconds .

========================================================================
Received Import Request.
  Time since last request: 0.000176 seconds.
  path: Assets/New Terrain 3.asset
  artifactKey: Guid(3e6f80889f1ea1e4bbcb167f3e262444) Importer(815301076,1909f56bfc062723c751e8b465ee728b)
Start importing Assets/New Terrain 3.asset using Guid(3e6f80889f1ea1e4bbcb167f3e262444) Importer(815301076,1909f56bfc062723c751e8b465ee728b) The tree Tree_01 must use the Nature/Soft Occlusion shader. Otherwise billboarding/lighting will not work correctly.
The tree Tree_02 must use the Nature/Soft Occlusion shader. Otherwise billboarding/lighting will not work correctly.
The tree Tree_03 must use the Nature/Soft Occlusion shader. Otherwise billboarding/lighting will not work correctly.
The tree Branch_01 must use the Nature/Soft Occlusion shader. Otherwise billboarding/lighting will not work correctly.
The tree Mushroom_01 must use the Nature/Soft Occlusion shader. Otherwise billboarding/lighting will not work correctly.
The tree Mushroom_02 must use the Nature/Soft Occlusion shader. Otherwise billboarding/lighting will not work correctly.
The tree Rock_03 must use the Nature/Soft Occlusion shader. Otherwise billboarding/lighting will not work correctly.
The tree Stump_01 must use the Nature/Soft Occlusion shader. Otherwise billboarding/lighting will not work correctly.
 -> (artifact id: '48512b599624b8c6020e6e5a8999cf9f') in 0.522929 seconds 
  Import took 0.544115 seconds .

========================================================================
Received Import Request.
  Time since last request: 0.000523 seconds.
  path: Assets/DWk77CLUQAAdrUx.jpg
  artifactKey: Guid(c8b21a402e16b7243b72f1fa508efa83) Importer(815301076,1909f56bfc062723c751e8b465ee728b)
Start importing Assets/DWk77CLUQAAdrUx.jpg using Guid(c8b21a402e16b7243b72f1fa508efa83) Importer(815301076,1909f56bfc062723c751e8b465ee728b)  -> (artifact id: '3d7e5da37f5c726a8699d1878a4f1e37') in 0.035826 seconds 
  Import took 0.084296 seconds .

========================================================================
Received Import Request.
  Time since last request: 0.000256 seconds.
  path: Assets/New Terrain 6.asset
  artifactKey: Guid(aa7fb04749336c84d9741f82f681306c) Importer(815301076,1909f56bfc062723c751e8b465ee728b)
Start importing Assets/New Terrain 6.asset using Guid(aa7fb04749336c84d9741f82f681306c) Importer(815301076,1909f56bfc062723c751e8b465ee728b)  -> (artifact id: 'cbae7c836882d0a29be66d2aee444eaa') in 0.055135 seconds 
  Import took 0.094041 seconds .

========================================================================
Received Import Request.
  Time since last request: 0.000398 seconds.
  path: Assets/NewLayer 2.terrainlayer
  artifactKey: Guid(678eebf11713c764eb11af474bdf8cf7) Importer(815301076,1909f56bfc062723c751e8b465ee728b)
Start importing Assets/NewLayer 2.terrainlayer using Guid(678eebf11713c764eb11af474bdf8cf7) Importer(815301076,1909f56bfc062723c751e8b465ee728b)  -> (artifact id: 'ce8b07755b62a2dbf8ae86befba68a81') in 0.074932 seconds 
  Import took 0.086692 seconds .

========================================================================
Received Import Request.
  Time since last request: 0.000511 seconds.
  path: Assets/New Terrain 1.asset
  artifactKey: Guid(691a9faecf328764b895fed6e10add82) Importer(815301076,1909f56bfc062723c751e8b465ee728b)
Start importing Assets/New Terrain 1.asset using Guid(691a9faecf328764b895fed6e10add82) Importer(815301076,1909f56bfc062723c751e8b465ee728b)  -> (artifact id: 'db0db486bec49d563a8105ab8485c605') in 0.029096 seconds 
  Import took 0.047758 seconds .

========================================================================
Received Import Request.
  Time since last request: 0.000470 seconds.
  path: Assets/de0a6fadf6bdd5f219f9418d7acd4711.jpg
  artifactKey: Guid(537cb2bda0c20244d8fcae1dadf4091a) Importer(815301076,1909f56bfc062723c751e8b465ee728b)
Start importing Assets/de0a6fadf6bdd5f219f9418d7acd4711.jpg using Guid(537cb2bda0c20244d8fcae1dadf4091a) Importer(815301076,1909f56bfc062723c751e8b465ee728b)  -> (artifact id: '856abbda7520c4946b1c021276cd7dd1') in 0.091387 seconds 
  Import took 0.105676 seconds .

========================================================================
Received Import Request.
  Time since last request: 0.000509 seconds.
  path: Assets/New Terrain.asset
  artifactKey: Guid(2e48b6d48c647144c8b799b60e1c9a31) Importer(815301076,1909f56bfc062723c751e8b465ee728b)
Start importing Assets/New Terrain.asset using Guid(2e48b6d48c647144c8b799b60e1c9a31) Importer(815301076,1909f56bfc062723c751e8b465ee728b)  -> (artifact id: 'b4d736316255eca24a03fd81327b7536') in 0.058915 seconds 
  Import took 0.095612 seconds .

========================================================================
Received Import Request.
  Time since last request: 0.000296 seconds.
  path: Assets/peter-burroughs-tilingsand.jpg
  artifactKey: Guid(754dfc2fe53cf80448861f5c3a2e2373) Importer(815301076,1909f56bfc062723c751e8b465ee728b)
Start importing Assets/peter-burroughs-tilingsand.jpg using Guid(754dfc2fe53cf80448861f5c3a2e2373) Importer(815301076,1909f56bfc062723c751e8b465ee728b)  -> (artifact id: '2eefdc8a5aa2e55501e5e8356675dee2') in 0.045272 seconds 
  Import took 0.060885 seconds .

========================================================================
Received Import Request.
  Time since last request: 0.000322 seconds.
  path: Assets/NewLayer 3.terrainlayer
  artifactKey: Guid(e6403fce9f64eb8428914d9df8e11340) Importer(815301076,1909f56bfc062723c751e8b465ee728b)
Start importing Assets/NewLayer 3.terrainlayer using Guid(e6403fce9f64eb8428914d9df8e11340) Importer(815301076,1909f56bfc062723c751e8b465ee728b)  -> (artifact id: 'f75d495d539b75ca2e399d8dacbf77ba') in 0.052468 seconds 
  Import took 0.067933 seconds .

========================================================================
Received Import Request.
  Time since last request: 0.000564 seconds.
  path: Assets/NewLayer 6.terrainlayer
  artifactKey: Guid(425f5bd154cf3584f8ff8cfbd4358da7) Importer(815301076,1909f56bfc062723c751e8b465ee728b)
Start importing Assets/NewLayer 6.terrainlayer using Guid(425f5bd154cf3584f8ff8cfbd4358da7) Importer(815301076,1909f56bfc062723c751e8b465ee728b)  -> (artifact id: 'f27002bd35b6bad9287174d0f91779f5') in 0.134237 seconds 
  Import took 0.160251 seconds .

========================================================================
Received Import Request.
  Time since last request: 0.000325 seconds.
  path: Assets/NewLayer 7.terrainlayer
  artifactKey: Guid(1b0898db7991f61439d5d052be65bfea) Importer(815301076,1909f56bfc062723c751e8b465ee728b)
Start importing Assets/NewLayer 7.terrainlayer using Guid(1b0898db7991f61439d5d052be65bfea) Importer(815301076,1909f56bfc062723c751e8b465ee728b)  -> (artifact id: '2cb86e93baff687374090d19e4552e14') in 0.074162 seconds 
  Import took 0.087342 seconds .

========================================================================
Received Import Request.
  Time since last request: 0.000358 seconds.
  path: Assets/New Terrain 5.asset
  artifactKey: Guid(0d87ba6244ee1984699b99b229e5a49e) Importer(815301076,1909f56bfc062723c751e8b465ee728b)
Start importing Assets/New Terrain 5.asset using Guid(0d87ba6244ee1984699b99b229e5a49e) Importer(815301076,1909f56bfc062723c751e8b465ee728b)  -> (artifact id: 'e6f8564287ab0ace3509bccfbda22af0') in 0.034885 seconds 
  Import took 0.050496 seconds .

========================================================================
Received Import Request.
  Time since last request: 0.000759 seconds.
  path: Assets/a59f666bf221c523fdac7811c3d3006c--d-texture-paint-texture.jpg
  artifactKey: Guid(b906229c7300ad74497c0647f71dbdd8) Importer(815301076,1909f56bfc062723c751e8b465ee728b)
Start importing Assets/a59f666bf221c523fdac7811c3d3006c--d-texture-paint-texture.jpg using Guid(b906229c7300ad74497c0647f71dbdd8) Importer(815301076,1909f56bfc062723c751e8b465ee728b)  -> (artifact id: 'e04367de68619f32a042f0a193a9d8c3') in 0.022840 seconds 
  Import took 0.046337 seconds .

========================================================================
Received Import Request.
  Time since last request: 0.000355 seconds.
  path: Assets/New Terrain 9.asset
  artifactKey: Guid(06ddd78387b96cb4f97ed9b6a6b587c9) Importer(815301076,1909f56bfc062723c751e8b465ee728b)
Start importing Assets/New Terrain 9.asset using Guid(06ddd78387b96cb4f97ed9b6a6b587c9) Importer(815301076,1909f56bfc062723c751e8b465ee728b)  -> (artifact id: '989722b28edebe666739505dbdf03cdb') in 0.203870 seconds 
  Import took 0.213823 seconds .

========================================================================
Received Import Request.
  Time since last request: 0.000249 seconds.
  path: Assets/d6976443a333c55501c9651d3a3db0ae.jpg
  artifactKey: Guid(f36891523665569459e246805f80a23d) Importer(815301076,1909f56bfc062723c751e8b465ee728b)
Start importing Assets/d6976443a333c55501c9651d3a3db0ae.jpg using Guid(f36891523665569459e246805f80a23d) Importer(815301076,1909f56bfc062723c751e8b465ee728b)  -> (artifact id: '894ba461da91d9f0f7e5f15685c562f2') in 0.053787 seconds 
  Import took 0.075510 seconds .

========================================================================
Received Import Request.
  Time since last request: 0.000252 seconds.
  path: Assets/NewLayer 5.terrainlayer
  artifactKey: Guid(4224e3b5fe96d5c41be84aa577e69edd) Importer(815301076,1909f56bfc062723c751e8b465ee728b)
Start importing Assets/NewLayer 5.terrainlayer using Guid(4224e3b5fe96d5c41be84aa577e69edd) Importer(815301076,1909f56bfc062723c751e8b465ee728b)  -> (artifact id: '86f989edde7f09c87da12cdae95c5a95') in 0.060699 seconds 
  Import took 0.072692 seconds .

========================================================================
Received Import Request.
  Time since last request: 0.000407 seconds.
  path: Assets/chain.fbx
  artifactKey: Guid(cc5193b32a0e50349ad422ada76dd2f0) Importer(815301076,1909f56bfc062723c751e8b465ee728b)
Start importing Assets/chain.fbx using Guid(cc5193b32a0e50349ad422ada76dd2f0) Importer(815301076,1909f56bfc062723c751e8b465ee728b)  -> (artifact id: 'e832986a1f6c4ff030c92c0d1723f82d') in 0.141505 seconds 
  Import took 0.167315 seconds .

========================================================================
Received Prepare
Registering precompiled user dll's ...
Registered in 0.005250 seconds.
Begin MonoManager ReloadAssembly
Native extension for WindowsStandalone target not found
Native extension for WebGL target not found
Refreshing native plugins compatible for Editor in 3.82 ms, found 2 plugins.
Preloading 0 native plugins for Editor in 0.00 ms.
Mono: successfully reloaded assembly
- Completed reload, in  5.449 seconds
Domain Reload Profiling:
	ReloadAssembly (5450ms)
		BeginReloadAssembly (744ms)
			ExecutionOrderSort (0ms)
			DisableScriptedObjects (110ms)
			BackupInstance (0ms)
			ReleaseScriptingObjects (0ms)
			CreateAndSetChildDomain (214ms)
		EndReloadAssembly (4513ms)
			LoadAssemblies (395ms)
			RebuildTransferFunctionScriptingTraits (0ms)
			SetupTypeCache (1461ms)
			ReleaseScriptCaches (5ms)
			RebuildScriptCaches (298ms)
			SetupLoadedEditorAssemblies (1550ms)
				LogAssemblyErrors (0ms)
				InitializePlatformSupportModulesInManaged (20ms)
				SetLoadedEditorAssemblies (2ms)
				RefreshPlugins (4ms)
				BeforeProcessingInitializeOnLoad (386ms)
				ProcessInitializeOnLoadAttributes (1114ms)
				ProcessInitializeOnLoadMethodAttributes (14ms)
				AfterProcessingInitializeOnLoad (9ms)
				EditorAssembliesLoaded (0ms)
			ExecutionOrderSort2 (0ms)
			AwakeInstancesAfterBackupRestoration (12ms)
Platform modules already initialized, skipping
Refreshing native plugins compatible for Editor in 2.13 ms, found 2 plugins.
Preloading 0 native plugins for Editor in 0.00 ms.
Unloading 4583 Unused Serialized files (Serialized files now loaded: 0)
System memory in use before: 320.2 MB.
System memory in use after: 320.5 MB.

Unloading 18 unused Assets to reduce memory usage. Loaded Objects now: 5577.
Total: 15.758500 ms (FindLiveObjects: 1.268400 ms CreateObjectMapping: 0.956700 ms MarkObjects: 13.347900 ms  DeleteObjects: 0.183000 ms)

AssetImportParameters requested are different than current active one (requested -> active):
  custom:framework-win-MediaFoundation: 216162199b28c13a410421893ffa2e32 -> 
  custom:video-decoder-ogg-theora: a1e56fd34408186e4bbccfd4996cb3dc -> 
  custom:container-muxer-webm: aa71ff27fc2769a1b78a27578f13a17b -> 
  custom:container-demuxer-webm: 4f35f7cbe854078d1ac9338744f61a02 -> 
  custom:container-demuxer-ogg: 62fdf1f143b41e24485cea50d1cbac27 -> 
  custom:video-encoder-webm-vp8: eb34c28f22e8b96e1ab97ce403110664 -> 
  custom:video-decoder-webm-vp8: 9c59270c3fd7afecdb556c50c9e8de78 -> 
  custom:audio-decoder-ogg-vorbis: bf7c407c2cedff20999df2af8eb42d56 -> 
  custom:audio-encoder-webm-vorbis: bf7c407c2cedff20999df2af8eb42d56 -> 
========================================================================
Received Import Request.
  Time since last request: 392.162594 seconds.
  path: Assets/CharacterController/Character/jesul.prefab
  artifactKey: Guid(6b8f8c3bd7bd2984584715cf36185b28) Importer(815301076,1909f56bfc062723c751e8b465ee728b)
Start importing Assets/CharacterController/Character/jesul.prefab using Guid(6b8f8c3bd7bd2984584715cf36185b28) Importer(815301076,1909f56bfc062723c751e8b465ee728b)  -> (artifact id: '0ecfe85a67734abfba57542168ecfc82') in 0.708559 seconds 
  Import took 0.728829 seconds .

========================================================================
Received Import Request.
  Time since last request: 0.000297 seconds.
  path: Assets/CharacterController/Character/player.prefab
  artifactKey: Guid(1fe3437600cc91143b5c67c7076d4edf) Importer(815301076,1909f56bfc062723c751e8b465ee728b)
Start importing Assets/CharacterController/Character/player.prefab using Guid(1fe3437600cc91143b5c67c7076d4edf) Importer(815301076,1909f56bfc062723c751e8b465ee728b)  -> (artifact id: '7a3c0c9a5f1bc93538b5b58e0c114624') in 1.923075 seconds 
  Import took 1.942738 seconds .

========================================================================
Received Import Request.
  Time since last request: 0.562127 seconds.
  path: Assets/DungeonRooms/dungeonFloor.fbx
  artifactKey: Guid(a68076535c0559f44ba0cbf789968360) Importer(815301076,1909f56bfc062723c751e8b465ee728b)
Start importing Assets/DungeonRooms/dungeonFloor.fbx using Guid(a68076535c0559f44ba0cbf789968360) Importer(815301076,1909f56bfc062723c751e8b465ee728b)  -> (artifact id: 'c8608511e52668e9f514b53c46ed9766') in 0.432255 seconds 
  Import took 0.453584 seconds .

========================================================================
Received Import Request.
  Time since last request: 3.862813 seconds.
  path: Assets/DungeonRooms/DungeonPuzzle
  artifactKey: Guid(64e95103568276640bd4ff8f52fc0dd2) Importer(815301076,1909f56bfc062723c751e8b465ee728b)
Start importing Assets/DungeonRooms/DungeonPuzzle using Guid(64e95103568276640bd4ff8f52fc0dd2) Importer(815301076,1909f56bfc062723c751e8b465ee728b)  -> (artifact id: '9caafce28ff50299a814d6d98515b6ef') in 0.011603 seconds 
  Import took 0.045133 seconds .

========================================================================
Received Import Request.
  Time since last request: 1.556046 seconds.
  path: Assets/DungeonRooms/DungeonPuzzle/Circle.prefab
  artifactKey: Guid(437f1442874d16e4da58a2c8bac5117f) Importer(815301076,1909f56bfc062723c751e8b465ee728b)
Start importing Assets/DungeonRooms/DungeonPuzzle/Circle.prefab using Guid(437f1442874d16e4da58a2c8bac5117f) Importer(815301076,1909f56bfc062723c751e8b465ee728b)  -> (artifact id: '65b638e6e85b816ed0b5719bc23fcdf2') in 0.149130 seconds 
  Import took 0.158382 seconds .

========================================================================
Received Import Request.
  Time since last request: 0.000301 seconds.
  path: Assets/DungeonRooms/DungeonPuzzle/puzzle.mat
  artifactKey: Guid(3f428a029803719459f0fa19119b2897) Importer(815301076,1909f56bfc062723c751e8b465ee728b)
Start importing Assets/DungeonRooms/DungeonPuzzle/puzzle.mat using Guid(3f428a029803719459f0fa19119b2897) Importer(815301076,1909f56bfc062723c751e8b465ee728b)  -> (artifact id: '8190cb93a3d19147b77dc6f88d75e4e8') in 0.205512 seconds 
  Import took 0.216853 seconds .

========================================================================
Received Import Request.
  Time since last request: 0.000283 seconds.
  path: Assets/DungeonRooms/DungeonPuzzle/puzlle.prefab
  artifactKey: Guid(c96f60947dfbf2d4a981929e07f622f6) Importer(815301076,1909f56bfc062723c751e8b465ee728b)
Start importing Assets/DungeonRooms/DungeonPuzzle/puzlle.prefab using Guid(c96f60947dfbf2d4a981929e07f622f6) Importer(815301076,1909f56bfc062723c751e8b465ee728b)  -> (artifact id: 'b3bae0dbe05d7ff0b09c5d53efafbe30') in 0.147977 seconds 
  Import took 0.178423 seconds .

========================================================================
Received Import Request.
  Time since last request: 0.000340 seconds.
  path: Assets/DungeonRooms/DungeonPuzzle/Cube.prefab
  artifactKey: Guid(2c3fc94364d1ccc459924e4b72604f30) Importer(815301076,1909f56bfc062723c751e8b465ee728b)
Start importing Assets/DungeonRooms/DungeonPuzzle/Cube.prefab using Guid(2c3fc94364d1ccc459924e4b72604f30) Importer(815301076,1909f56bfc062723c751e8b465ee728b)  -> (artifact id: '74afa42f64b3d04d5fdbd08646e434ad') in 0.139571 seconds 
  Import took 0.170751 seconds .

========================================================================
Received Import Request.
  Time since last request: 0.000399 seconds.
  path: Assets/DungeonRooms/DungeonPuzzle/Triangle.prefab
  artifactKey: Guid(c83778de95e5bbb43b1800362bfb34f0) Importer(815301076,1909f56bfc062723c751e8b465ee728b)
Start importing Assets/DungeonRooms/DungeonPuzzle/Triangle.prefab using Guid(c83778de95e5bbb43b1800362bfb34f0) Importer(815301076,1909f56bfc062723c751e8b465ee728b)  -> (artifact id: 'd1d1edb6c5115b6d362da1f6af71a13e') in 0.139146 seconds 
  Import took 0.152910 seconds .

========================================================================
Received Import Request.
  Time since last request: 0.000272 seconds.
  path: Assets/DungeonRooms/DungeonPuzzle/puzlle.fbx
  artifactKey: Guid(283876567f3943f46a91de14a4ee4d81) Importer(815301076,1909f56bfc062723c751e8b465ee728b)
Start importing Assets/DungeonRooms/DungeonPuzzle/puzlle.fbx using Guid(283876567f3943f46a91de14a4ee4d81) Importer(815301076,1909f56bfc062723c751e8b465ee728b)  -> (artifact id: '318a82319cde1d13199d2abbe2a6c5a9') in 0.446666 seconds 
  Import took 0.457253 seconds .

========================================================================
Received Import Request.
  Time since last request: 0.000225 seconds.
  path: Assets/DungeonRooms/DungeonPuzzle/Star.prefab
  artifactKey: Guid(1f18d1b0e0949554c8118219b5f8aa85) Importer(815301076,1909f56bfc062723c751e8b465ee728b)
Start importing Assets/DungeonRooms/DungeonPuzzle/Star.prefab using Guid(1f18d1b0e0949554c8118219b5f8aa85) Importer(815301076,1909f56bfc062723c751e8b465ee728b)  -> (artifact id: '6ebd2aa979d06172ef4496c0174c7c27') in 0.155071 seconds 
  Import took 0.183910 seconds .

========================================================================
Received Import Request.
  Time since last request: 126.512562 seconds.
  path: Assets/DungeonRooms/DungeonPuzzle/Triangle.prefab
  artifactKey: Guid(c83778de95e5bbb43b1800362bfb34f0) Importer(815301076,1909f56bfc062723c751e8b465ee728b)
Start importing Assets/DungeonRooms/DungeonPuzzle/Triangle.prefab using Guid(c83778de95e5bbb43b1800362bfb34f0) Importer(815301076,1909f56bfc062723c751e8b465ee728b)  -> (artifact id: '738b44e2e7ec7f2ff02a49c3dd26947c') in 0.151616 seconds 
  Import took 0.176796 seconds .

========================================================================
Received Import Request.
  Time since last request: 4.733511 seconds.
  path: Assets/DungeonRooms/DungeonPuzzle/Circle.prefab
  artifactKey: Guid(437f1442874d16e4da58a2c8bac5117f) Importer(815301076,1909f56bfc062723c751e8b465ee728b)
Start importing Assets/DungeonRooms/DungeonPuzzle/Circle.prefab using Guid(437f1442874d16e4da58a2c8bac5117f) Importer(815301076,1909f56bfc062723c751e8b465ee728b)  -> (artifact id: '73534bfc84972234609c025c075863e8') in 0.051117 seconds 
  Import took 0.069590 seconds .

========================================================================
Received Import Request.
  Time since last request: 134.886707 seconds.
  path: Assets/player Variant.prefab
  artifactKey: Guid(08191b5c9781ab34a9372c15538590f3) Importer(815301076,1909f56bfc062723c751e8b465ee728b)
Start importing Assets/player Variant.prefab using Guid(08191b5c9781ab34a9372c15538590f3) Importer(815301076,1909f56bfc062723c751e8b465ee728b)  -> (artifact id: 'f455c771564b990176edc5f636433f6d') in 0.628409 seconds 
  Import took 0.666051 seconds .

========================================================================
Received Import Request.
  Time since last request: 0.000185 seconds.
  path: Assets/Stontex_2.png
  artifactKey: Guid(4e0741f2dab283b4096d23bc23332719) Importer(815301076,1909f56bfc062723c751e8b465ee728b)
Start importing Assets/Stontex_2.png using Guid(4e0741f2dab283b4096d23bc23332719) Importer(815301076,1909f56bfc062723c751e8b465ee728b)  -> (artifact id: '4c81ae3e9a70fb8d7d931eb27b4344fb') in 0.033003 seconds 
  Import took 0.063120 seconds .

========================================================================
Received Import Request.
  Time since last request: 0.000179 seconds.
  path: Assets/TerrainData_0e2b3818-1797-4d7f-917f-3a3bf00678b6.asset
  artifactKey: Guid(09414446a424eee4e96e1b7e76c578dd) Importer(815301076,1909f56bfc062723c751e8b465ee728b)
Start importing Assets/TerrainData_0e2b3818-1797-4d7f-917f-3a3bf00678b6.asset using Guid(09414446a424eee4e96e1b7e76c578dd) Importer(815301076,1909f56bfc062723c751e8b465ee728b)  -> (artifact id: '25c1e98b165994aa36b631e2591381f9') in 0.035816 seconds 
  Import took 0.044499 seconds .

========================================================================
Received Import Request.
  Time since last request: 0.000363 seconds.
  path: Assets/TerrainData_00d0173b-b163-4615-9eb3-b74dd6c38ebc.asset
  artifactKey: Guid(f6146ec2000edca4283242ef75453f1a) Importer(815301076,1909f56bfc062723c751e8b465ee728b)
Start importing Assets/TerrainData_00d0173b-b163-4615-9eb3-b74dd6c38ebc.asset using Guid(f6146ec2000edca4283242ef75453f1a) Importer(815301076,1909f56bfc062723c751e8b465ee728b)  -> (artifact id: '2652422431181fa2281e74026a15e738') in 0.033934 seconds 
  Import took 0.042365 seconds .

========================================================================
Received Prepare
Registering precompiled user dll's ...
Registered in 0.083992 seconds.
Begin MonoManager ReloadAssembly
Native extension for WindowsStandalone target not found
Native extension for WebGL target not found
Refreshing native plugins compatible for Editor in 1.08 ms, found 2 plugins.
Preloading 0 native plugins for Editor in 0.00 ms.
Mono: successfully reloaded assembly
- Completed reload, in  2.633 seconds
Domain Reload Profiling:
	ReloadAssembly (2633ms)
		BeginReloadAssembly (214ms)
			ExecutionOrderSort (0ms)
			DisableScriptedObjects (40ms)
			BackupInstance (0ms)
			ReleaseScriptingObjects (0ms)
			CreateAndSetChildDomain (81ms)
		EndReloadAssembly (2349ms)
			LoadAssemblies (113ms)
			RebuildTransferFunctionScriptingTraits (0ms)
			SetupTypeCache (477ms)
			ReleaseScriptCaches (2ms)
			RebuildScriptCaches (89ms)
			SetupLoadedEditorAssemblies (943ms)
				LogAssemblyErrors (0ms)
				InitializePlatformSupportModulesInManaged (6ms)
				SetLoadedEditorAssemblies (0ms)
				RefreshPlugins (1ms)
				BeforeProcessingInitializeOnLoad (122ms)
				ProcessInitializeOnLoadAttributes (796ms)
				ProcessInitializeOnLoadMethodAttributes (6ms)
				AfterProcessingInitializeOnLoad (10ms)
				EditorAssembliesLoaded (0ms)
			ExecutionOrderSort2 (0ms)
			AwakeInstancesAfterBackupRestoration (26ms)
Platform modules already initialized, skipping
Refreshing native plugins compatible for Editor in 1.08 ms, found 2 plugins.
Preloading 0 native plugins for Editor in 0.00 ms.
Unloading 4570 Unused Serialized files (Serialized files now loaded: 0)
System memory in use before: 320.5 MB.
System memory in use after: 320.8 MB.

Unloading 19 unused Assets to reduce memory usage. Loaded Objects now: 5716.
Total: 5.391500 ms (FindLiveObjects: 0.626200 ms CreateObjectMapping: 0.382300 ms MarkObjects: 4.194100 ms  DeleteObjects: 0.187700 ms)

AssetImportParameters requested are different than current active one (requested -> active):
  custom:framework-win-MediaFoundation: 216162199b28c13a410421893ffa2e32 -> 
  custom:video-decoder-ogg-theora: a1e56fd34408186e4bbccfd4996cb3dc -> 
  custom:container-muxer-webm: aa71ff27fc2769a1b78a27578f13a17b -> 
  custom:container-demuxer-webm: 4f35f7cbe854078d1ac9338744f61a02 -> 
  custom:container-demuxer-ogg: 62fdf1f143b41e24485cea50d1cbac27 -> 
  custom:video-encoder-webm-vp8: eb34c28f22e8b96e1ab97ce403110664 -> 
  custom:video-decoder-webm-vp8: 9c59270c3fd7afecdb556c50c9e8de78 -> 
  custom:audio-decoder-ogg-vorbis: bf7c407c2cedff20999df2af8eb42d56 -> 
  custom:audio-encoder-webm-vorbis: bf7c407c2cedff20999df2af8eb42d56 -> 
========================================================================
Received Import Request.
  Time since last request: 313.506962 seconds.
  path: Assets/DungeonRooms/DungeonPuzzle/puzlle.prefab
  artifactKey: Guid(c96f60947dfbf2d4a981929e07f622f6) Importer(815301076,1909f56bfc062723c751e8b465ee728b)
Start importing Assets/DungeonRooms/DungeonPuzzle/puzlle.prefab using Guid(c96f60947dfbf2d4a981929e07f622f6) Importer(815301076,1909f56bfc062723c751e8b465ee728b)  -> (artifact id: 'fa104dd1f9784ab6ae27a45da15c4a3d') in 1.479213 seconds 
  Import took 1.598534 seconds .

========================================================================
Received Prepare
Registering precompiled user dll's ...
Registered in 0.084851 seconds.
Begin MonoManager ReloadAssembly
Native extension for WindowsStandalone target not found
Native extension for WebGL target not found
Refreshing native plugins compatible for Editor in 1.23 ms, found 2 plugins.
Preloading 0 native plugins for Editor in 0.00 ms.
Mono: successfully reloaded assembly
- Completed reload, in  3.725 seconds
Domain Reload Profiling:
	ReloadAssembly (3725ms)
		BeginReloadAssembly (173ms)
			ExecutionOrderSort (0ms)
			DisableScriptedObjects (29ms)
			BackupInstance (0ms)
			ReleaseScriptingObjects (0ms)
			CreateAndSetChildDomain (59ms)
		EndReloadAssembly (3480ms)
			LoadAssemblies (110ms)
			RebuildTransferFunctionScriptingTraits (0ms)
			SetupTypeCache (423ms)
			ReleaseScriptCaches (3ms)
			RebuildScriptCaches (82ms)
			SetupLoadedEditorAssemblies (876ms)
				LogAssemblyErrors (0ms)
				InitializePlatformSupportModulesInManaged (6ms)
				SetLoadedEditorAssemblies (0ms)
				RefreshPlugins (1ms)
				BeforeProcessingInitializeOnLoad (120ms)
				ProcessInitializeOnLoadAttributes (734ms)
				ProcessInitializeOnLoadMethodAttributes (6ms)
				AfterProcessingInitializeOnLoad (9ms)
				EditorAssembliesLoaded (0ms)
			ExecutionOrderSort2 (0ms)
			AwakeInstancesAfterBackupRestoration (24ms)
Platform modules already initialized, skipping
Refreshing native plugins compatible for Editor in 2.58 ms, found 2 plugins.
Preloading 0 native plugins for Editor in 0.00 ms.
Unloading 4570 Unused Serialized files (Serialized files now loaded: 0)
System memory in use before: 321.0 MB.
System memory in use after: 321.3 MB.

Unloading 18 unused Assets to reduce memory usage. Loaded Objects now: 5819.
Total: 48.480900 ms (FindLiveObjects: 0.915600 ms CreateObjectMapping: 0.622800 ms MarkObjects: 46.724400 ms  DeleteObjects: 0.215600 ms)

AssetImportParameters requested are different than current active one (requested -> active):
  custom:framework-win-MediaFoundation: 216162199b28c13a410421893ffa2e32 -> 
  custom:video-decoder-ogg-theora: a1e56fd34408186e4bbccfd4996cb3dc -> 
  custom:container-muxer-webm: aa71ff27fc2769a1b78a27578f13a17b -> 
  custom:container-demuxer-webm: 4f35f7cbe854078d1ac9338744f61a02 -> 
  custom:container-demuxer-ogg: 62fdf1f143b41e24485cea50d1cbac27 -> 
  custom:video-encoder-webm-vp8: eb34c28f22e8b96e1ab97ce403110664 -> 
  custom:video-decoder-webm-vp8: 9c59270c3fd7afecdb556c50c9e8de78 -> 
  custom:audio-decoder-ogg-vorbis: bf7c407c2cedff20999df2af8eb42d56 -> 
  custom:audio-encoder-webm-vorbis: bf7c407c2cedff20999df2af8eb42d56 -> 
========================================================================
Received Import Request.
  Time since last request: 216.843975 seconds.
  path: Assets/Scenes/Demo.unity
  artifactKey: Guid(cfcd1b4d07986744fa797f963965e739) Importer(815301076,1909f56bfc062723c751e8b465ee728b)
Start importing Assets/Scenes/Demo.unity using Guid(cfcd1b4d07986744fa797f963965e739) Importer(815301076,1909f56bfc062723c751e8b465ee728b)  -> (artifact id: 'd267c38462e1d8fbb56084fd4a67481b') in 0.191265 seconds 
  Import took 0.270135 seconds .

========================================================================
Received Import Request.
  Time since last request: 0.000434 seconds.
  path: Assets/SampleSceneAssets/Settings
  artifactKey: Guid(006b6043041431d4d909ad5f958582cb) Importer(815301076,1909f56bfc062723c751e8b465ee728b)
Start importing Assets/SampleSceneAssets/Settings using Guid(006b6043041431d4d909ad5f958582cb) Importer(815301076,1909f56bfc062723c751e8b465ee728b)  -> (artifact id: '9656381e7884cdef3b275f8575de1a28') in 0.009022 seconds 
  Import took 0.059581 seconds .

========================================================================
Received Import Request.
  Time since last request: 0.000275 seconds.
  path: Assets/Scenes/Dungeon 1.unity
  artifactKey: Guid(51bb11a2468e1594cb1d4a7a3f3638fc) Importer(815301076,1909f56bfc062723c751e8b465ee728b)
Start importing Assets/Scenes/Dungeon 1.unity using Guid(51bb11a2468e1594cb1d4a7a3f3638fc) Importer(815301076,1909f56bfc062723c751e8b465ee728b)  -> (artifact id: '43063df39bc3bf5c793510e36a25ba75') in 0.036631 seconds 
  Import took 0.130827 seconds .

========================================================================
Received Import Request.
  Time since last request: 0.000212 seconds.
  path: Assets/Scenes/Map.unity
  artifactKey: Guid(f97a5a9d8eb5c9b4b899ccc375629cd9) Importer(815301076,1909f56bfc062723c751e8b465ee728b)
Start importing Assets/Scenes/Map.unity using Guid(f97a5a9d8eb5c9b4b899ccc375629cd9) Importer(815301076,1909f56bfc062723c751e8b465ee728b)  -> (artifact id: '13f7d8d55406afe22fc8083e28db98cb') in 0.009707 seconds 
  Import took 0.058390 seconds .

========================================================================
Received Import Request.
  Time since last request: 0.000440 seconds.
  path: Assets/Scenes/New Material.mat
  artifactKey: Guid(6d98ebc552a25e34fa34e679a9dcca38) Importer(815301076,1909f56bfc062723c751e8b465ee728b)
Start importing Assets/Scenes/New Material.mat using Guid(6d98ebc552a25e34fa34e679a9dcca38) Importer(815301076,1909f56bfc062723c751e8b465ee728b)  -> (artifact id: '2b8a2b97e8bf0a667dcdafd6bd20bf14') in 3.506361 seconds 
  Import took 3.593114 seconds .

========================================================================
Received Import Request.
  Time since last request: 0.000320 seconds.
  path: Assets/Scenes/ThirdPersonPlayer Variant.prefab
  artifactKey: Guid(19d304664b5b6064f88626cb02d3770e) Importer(815301076,1909f56bfc062723c751e8b465ee728b)
Start importing Assets/Scenes/ThirdPersonPlayer Variant.prefab using Guid(19d304664b5b6064f88626cb02d3770e) Importer(815301076,1909f56bfc062723c751e8b465ee728b)  -> (artifact id: '2ce542b71daa343b19d9a7ab817c5ca3') in 9.384202 seconds 
  Import took 9.488607 seconds .

========================================================================
Received Import Request.
  Time since last request: 0.000336 seconds.
  path: Assets/SampleSceneAssets/Scripts
  artifactKey: Guid(4719b0884aa2ce045bd0bc265ca981a3) Importer(815301076,1909f56bfc062723c751e8b465ee728b)
Start importing Assets/SampleSceneAssets/Scripts using Guid(4719b0884aa2ce045bd0bc265ca981a3) Importer(815301076,1909f56bfc062723c751e8b465ee728b)  -> (artifact id: '782d9ada310447e53842f56c0a1e6e9c') in 0.009518 seconds 
  Import took 0.084809 seconds .

========================================================================
Received Prepare
Registering precompiled user dll's ...
Registered in 0.737019 seconds.
Begin MonoManager ReloadAssembly
Native extension for WindowsStandalone target not found
Native extension for WebGL target not found
Refreshing native plugins compatible for Editor in 1.72 ms, found 2 plugins.
Preloading 0 native plugins for Editor in 0.00 ms.
Mono: successfully reloaded assembly
- Completed reload, in  9.878 seconds
Domain Reload Profiling:
	ReloadAssembly (9878ms)
		BeginReloadAssembly (371ms)
			ExecutionOrderSort (0ms)
			DisableScriptedObjects (79ms)
			BackupInstance (0ms)
			ReleaseScriptingObjects (1ms)
			CreateAndSetChildDomain (126ms)
		EndReloadAssembly (9416ms)
			LoadAssemblies (5009ms)
			RebuildTransferFunctionScriptingTraits (0ms)
			SetupTypeCache (523ms)
			ReleaseScriptCaches (2ms)
			RebuildScriptCaches (89ms)
			SetupLoadedEditorAssemblies (1913ms)
				LogAssemblyErrors (0ms)
				InitializePlatformSupportModulesInManaged (6ms)
				SetLoadedEditorAssemblies (0ms)
				RefreshPlugins (2ms)
				BeforeProcessingInitializeOnLoad (178ms)
				ProcessInitializeOnLoadAttributes (1707ms)
				ProcessInitializeOnLoadMethodAttributes (11ms)
				AfterProcessingInitializeOnLoad (8ms)
				EditorAssembliesLoaded (0ms)
			ExecutionOrderSort2 (0ms)
			AwakeInstancesAfterBackupRestoration (77ms)
Platform modules already initialized, skipping
Refreshing native plugins compatible for Editor in 1.82 ms, found 2 plugins.
Preloading 0 native plugins for Editor in 0.00 ms.
Unloading 4570 Unused Serialized files (Serialized files now loaded: 0)
System memory in use before: 321.5 MB.
System memory in use after: 321.8 MB.

Unloading 18 unused Assets to reduce memory usage. Loaded Objects now: 5922.
Total: 33.101100 ms (FindLiveObjects: 1.313400 ms CreateObjectMapping: 0.545900 ms MarkObjects: 31.007500 ms  DeleteObjects: 0.229500 ms)

AssetImportParameters requested are different than current active one (requested -> active):
  custom:framework-win-MediaFoundation: 216162199b28c13a410421893ffa2e32 -> 
  custom:video-decoder-ogg-theora: a1e56fd34408186e4bbccfd4996cb3dc -> 
  custom:container-muxer-webm: aa71ff27fc2769a1b78a27578f13a17b -> 
  custom:container-demuxer-webm: 4f35f7cbe854078d1ac9338744f61a02 -> 
  custom:container-demuxer-ogg: 62fdf1f143b41e24485cea50d1cbac27 -> 
  custom:video-encoder-webm-vp8: eb34c28f22e8b96e1ab97ce403110664 -> 
  custom:video-decoder-webm-vp8: 9c59270c3fd7afecdb556c50c9e8de78 -> 
  custom:audio-decoder-ogg-vorbis: bf7c407c2cedff20999df2af8eb42d56 -> 
  custom:audio-encoder-webm-vorbis: bf7c407c2cedff20999df2af8eb42d56 -> 
========================================================================
Received Import Request.
  Time since last request: 149.196459 seconds.
  path: Assets/Prefabs/Subtitles/Picture4.png
  artifactKey: Guid(5d04a992f2c06b941bec86ccdecc68d8) Importer(815301076,1909f56bfc062723c751e8b465ee728b)
Start importing Assets/Prefabs/Subtitles/Picture4.png using Guid(5d04a992f2c06b941bec86ccdecc68d8) Importer(815301076,1909f56bfc062723c751e8b465ee728b)  -> (artifact id: 'f2327648e1988f8b1cb36da7d15e7e6e') in 0.150141 seconds 
  Import took 0.231803 seconds .

========================================================================
Received Import Request.
  Time since last request: 0.000231 seconds.
  path: Assets/Prefabs/Subtitles
  artifactKey: Guid(52b0af5d1223ae24a9ce2c9fe349ea3e) Importer(815301076,1909f56bfc062723c751e8b465ee728b)
Start importing Assets/Prefabs/Subtitles using Guid(52b0af5d1223ae24a9ce2c9fe349ea3e) Importer(815301076,1909f56bfc062723c751e8b465ee728b)  -> (artifact id: '6c3d3c2aaa8f07afc6ac0cc6b0c14cfc') in 0.006350 seconds 
  Import took 0.068168 seconds .

========================================================================
Received Import Request.
  Time since last request: 0.000392 seconds.
  path: Assets/Prefabs/Subtitles/Picture8.png
  artifactKey: Guid(3efa5672bed7a314d9f2a2e47218f0c2) Importer(815301076,1909f56bfc062723c751e8b465ee728b)
Start importing Assets/Prefabs/Subtitles/Picture8.png using Guid(3efa5672bed7a314d9f2a2e47218f0c2) Importer(815301076,1909f56bfc062723c751e8b465ee728b)  -> (artifact id: '59b35d2ba10fc474ebe94fda3314bfbe') in 0.054694 seconds 
  Import took 0.114980 seconds .

========================================================================
Received Import Request.
  Time since last request: 0.000245 seconds.
  path: Assets/Prefabs/Subtitles/Picture2 1.png
  artifactKey: Guid(7aebe4c801b783446a8c9de4482985c6) Importer(815301076,1909f56bfc062723c751e8b465ee728b)
Start importing Assets/Prefabs/Subtitles/Picture2 1.png using Guid(7aebe4c801b783446a8c9de4482985c6) Importer(815301076,1909f56bfc062723c751e8b465ee728b)  -> (artifact id: '6be8e5a5f424bdfd3e5ba77cb3aa811c') in 0.011726 seconds 
  Import took 0.022082 seconds .

========================================================================
Received Import Request.
  Time since last request: 0.000282 seconds.
  path: Assets/Prefabs/Subtitles/Picture2.png
  artifactKey: Guid(dbba1c74ced66e8479b3dc6f68584fac) Importer(815301076,1909f56bfc062723c751e8b465ee728b)
Start importing Assets/Prefabs/Subtitles/Picture2.png using Guid(dbba1c74ced66e8479b3dc6f68584fac) Importer(815301076,1909f56bfc062723c751e8b465ee728b)  -> (artifact id: '9d7cfbdd1a87a7a764c14631cc078d8f') in 0.014852 seconds 
  Import took 0.047562 seconds .

========================================================================
Received Import Request.
  Time since last request: 0.000446 seconds.
  path: Assets/Prefabs/Subtitles/Picture1.png
  artifactKey: Guid(84756cacdb83f7049b3e44e7c553377d) Importer(815301076,1909f56bfc062723c751e8b465ee728b)
Start importing Assets/Prefabs/Subtitles/Picture1.png using Guid(84756cacdb83f7049b3e44e7c553377d) Importer(815301076,1909f56bfc062723c751e8b465ee728b)  -> (artifact id: 'c4d3bf43452ce8197d854e7840cb5e08') in 0.018705 seconds 
  Import took 0.045093 seconds .

========================================================================
Received Import Request.
  Time since last request: 0.000289 seconds.
  path: Assets/Prefabs/Subtitles/Picture3 1.png
  artifactKey: Guid(365b75f232fedda4d8779da11e9f10ef) Importer(815301076,1909f56bfc062723c751e8b465ee728b)
Start importing Assets/Prefabs/Subtitles/Picture3 1.png using Guid(365b75f232fedda4d8779da11e9f10ef) Importer(815301076,1909f56bfc062723c751e8b465ee728b)  -> (artifact id: '5aff2dcbe89a3ab05e08b5ede4d48687') in 0.040063 seconds 
  Import took 0.097568 seconds .

========================================================================
Received Import Request.
  Time since last request: 0.000273 seconds.
  path: Assets/Prefabs/Subtitles/Picture7.png
  artifactKey: Guid(2f89332030e414d4cb494cff55746b8d) Importer(815301076,1909f56bfc062723c751e8b465ee728b)
Start importing Assets/Prefabs/Subtitles/Picture7.png using Guid(2f89332030e414d4cb494cff55746b8d) Importer(815301076,1909f56bfc062723c751e8b465ee728b)  -> (artifact id: 'a49960c1ded4cadd35303a33024ab5d7') in 0.026905 seconds 
  Import took 0.051076 seconds .

========================================================================
Received Import Request.
  Time since last request: 0.000321 seconds.
  path: Assets/Prefabs/Subtitles/Picture4 1.png
  artifactKey: Guid(53ec8db996e4e7647a07c49562427378) Importer(815301076,1909f56bfc062723c751e8b465ee728b)
Start importing Assets/Prefabs/Subtitles/Picture4 1.png using Guid(53ec8db996e4e7647a07c49562427378) Importer(815301076,1909f56bfc062723c751e8b465ee728b)  -> (artifact id: '67ba699828e4c5a6717882e18b15b096') in 0.044579 seconds 
  Import took 0.096018 seconds .

========================================================================
Received Import Request.
  Time since last request: 0.000178 seconds.
  path: Assets/Prefabs/Subtitles/Picture5.png
  artifactKey: Guid(61ba9c21ac4e1d24f8fcb75f139df276) Importer(815301076,1909f56bfc062723c751e8b465ee728b)
Start importing Assets/Prefabs/Subtitles/Picture5.png using Guid(61ba9c21ac4e1d24f8fcb75f139df276) Importer(815301076,1909f56bfc062723c751e8b465ee728b)  -> (artifact id: '0a20bfc3d3b9614dc1113b901c9db47e') in 0.015149 seconds 
  Import took 0.029568 seconds .

========================================================================
Received Import Request.
  Time since last request: 0.000218 seconds.
  path: Assets/Prefabs/Subtitles/Picture1 1.png
  artifactKey: Guid(c3e38d0b49c6f7b4c95983720be959d8) Importer(815301076,1909f56bfc062723c751e8b465ee728b)
Start importing Assets/Prefabs/Subtitles/Picture1 1.png using Guid(c3e38d0b49c6f7b4c95983720be959d8) Importer(815301076,1909f56bfc062723c751e8b465ee728b)  -> (artifact id: 'c06be37c4dbdb51e5b2c31fdb6ffb83a') in 0.014752 seconds 
  Import took 0.037463 seconds .

========================================================================
Received Import Request.
  Time since last request: 0.000172 seconds.
  path: Assets/Prefabs/Subtitles/Picture6.png
  artifactKey: Guid(cb2a1b6cdd254684383f1dfb63c298f8) Importer(815301076,1909f56bfc062723c751e8b465ee728b)
Start importing Assets/Prefabs/Subtitles/Picture6.png using Guid(cb2a1b6cdd254684383f1dfb63c298f8) Importer(815301076,1909f56bfc062723c751e8b465ee728b)  -> (artifact id: '1daae52d8546c332670a1f426dfd010a') in 0.013695 seconds 
  Import took 0.025522 seconds .

========================================================================
Received Import Request.
  Time since last request: 0.000181 seconds.
  path: Assets/Prefabs/Subtitles/Picture3.png
  artifactKey: Guid(3b9dd1d677b04924fb20a833db7ccaa1) Importer(815301076,1909f56bfc062723c751e8b465ee728b)
Start importing Assets/Prefabs/Subtitles/Picture3.png using Guid(3b9dd1d677b04924fb20a833db7ccaa1) Importer(815301076,1909f56bfc062723c751e8b465ee728b)  -> (artifact id: '1b52801237f247bfa2503d1c79db4eef') in 0.032478 seconds 
  Import took 0.060467 seconds .

========================================================================
Received Import Request.
  Time since last request: 214.403851 seconds.
  path: Assets/Prefabs/Subtitles/New Material.mat
  artifactKey: Guid(beb2929be2cd69d46957857a2d2baf06) Importer(815301076,1909f56bfc062723c751e8b465ee728b)
Start importing Assets/Prefabs/Subtitles/New Material.mat using Guid(beb2929be2cd69d46957857a2d2baf06) Importer(815301076,1909f56bfc062723c751e8b465ee728b)  -> (artifact id: 'af8de9dff549a97679675d18f00a5cee') in 2.050169 seconds 
  Import took 2.085355 seconds .

========================================================================
Received Import Request.
  Time since last request: 37.130316 seconds.
  path: Assets/Prefabs/Subtitles/Picture1.png
  artifactKey: Guid(84756cacdb83f7049b3e44e7c553377d) Importer(815301076,1909f56bfc062723c751e8b465ee728b)
Start importing Assets/Prefabs/Subtitles/Picture1.png using Guid(84756cacdb83f7049b3e44e7c553377d) Importer(815301076,1909f56bfc062723c751e8b465ee728b)  -> (artifact id: '0e14aacd2e367edf593baaeb3b520e93') in 0.136863 seconds 
  Import took 0.181187 seconds .

========================================================================
Received Import Request.
  Time since last request: 420.775056 seconds.
  path: Assets/Prefabs/Subtitles/Picture1 1.png
  artifactKey: Guid(c3e38d0b49c6f7b4c95983720be959d8) Importer(815301076,1909f56bfc062723c751e8b465ee728b)
Start importing Assets/Prefabs/Subtitles/Picture1 1.png using Guid(c3e38d0b49c6f7b4c95983720be959d8) Importer(815301076,1909f56bfc062723c751e8b465ee728b)  -> (artifact id: '4e4cf345df2a5d59fe4292acdf57b411') in 0.079955 seconds 
  Import took 0.152636 seconds .

========================================================================
Received Import Request.
  Time since last request: 10.148067 seconds.
  path: Assets/Prefabs/Subtitles/Picture2 1.png
  artifactKey: Guid(7aebe4c801b783446a8c9de4482985c6) Importer(815301076,1909f56bfc062723c751e8b465ee728b)
Start importing Assets/Prefabs/Subtitles/Picture2 1.png using Guid(7aebe4c801b783446a8c9de4482985c6) Importer(815301076,1909f56bfc062723c751e8b465ee728b)  -> (artifact id: '6d7868e6733c56b6f032793ea07b1963') in 0.203314 seconds 
  Import took 0.232014 seconds .

========================================================================
Received Import Request.
  Time since last request: 0.000169 seconds.
  path: Assets/Prefabs/Subtitles/Picture4.png
  artifactKey: Guid(5d04a992f2c06b941bec86ccdecc68d8) Importer(815301076,1909f56bfc062723c751e8b465ee728b)
Start importing Assets/Prefabs/Subtitles/Picture4.png using Guid(5d04a992f2c06b941bec86ccdecc68d8) Importer(815301076,1909f56bfc062723c751e8b465ee728b)  -> (artifact id: 'b8b15fe7a64ffd4a5f01129de9e1bb0f') in 0.089117 seconds 
  Import took 0.200897 seconds .

========================================================================
Received Import Request.
  Time since last request: 0.000320 seconds.
  path: Assets/Prefabs/Subtitles/Picture8.png
  artifactKey: Guid(3efa5672bed7a314d9f2a2e47218f0c2) Importer(815301076,1909f56bfc062723c751e8b465ee728b)
Start importing Assets/Prefabs/Subtitles/Picture8.png using Guid(3efa5672bed7a314d9f2a2e47218f0c2) Importer(815301076,1909f56bfc062723c751e8b465ee728b)  -> (artifact id: 'b05e1dd885da95960fecad54c88aad35') in 0.100527 seconds 
  Import took 0.194255 seconds .

========================================================================
Received Import Request.
  Time since last request: 0.000173 seconds.
  path: Assets/Prefabs/Subtitles/Picture2.png
  artifactKey: Guid(dbba1c74ced66e8479b3dc6f68584fac) Importer(815301076,1909f56bfc062723c751e8b465ee728b)
Start importing Assets/Prefabs/Subtitles/Picture2.png using Guid(dbba1c74ced66e8479b3dc6f68584fac) Importer(815301076,1909f56bfc062723c751e8b465ee728b)  -> (artifact id: 'f531bdf0ba68d9a279462dee5a07cd5b') in 0.133999 seconds 
  Import took 0.201221 seconds .

========================================================================
Received Import Request.
  Time since last request: 0.000177 seconds.
  path: Assets/Prefabs/Subtitles/Picture3 1.png
  artifactKey: Guid(365b75f232fedda4d8779da11e9f10ef) Importer(815301076,1909f56bfc062723c751e8b465ee728b)
Start importing Assets/Prefabs/Subtitles/Picture3 1.png using Guid(365b75f232fedda4d8779da11e9f10ef) Importer(815301076,1909f56bfc062723c751e8b465ee728b)  -> (artifact id: '943c0cdba3fcf6d244df7b79a4699982') in 0.097745 seconds 
  Import took 0.374011 seconds .

========================================================================
Received Import Request.
  Time since last request: 0.001339 seconds.
  path: Assets/Prefabs/Subtitles/Picture7.png
  artifactKey: Guid(2f89332030e414d4cb494cff55746b8d) Importer(815301076,1909f56bfc062723c751e8b465ee728b)
Start importing Assets/Prefabs/Subtitles/Picture7.png using Guid(2f89332030e414d4cb494cff55746b8d) Importer(815301076,1909f56bfc062723c751e8b465ee728b)  -> (artifact id: '9ad07977074d57d42c481a7dc51d307a') in 0.138488 seconds 
  Import took 0.220019 seconds .

========================================================================
Received Import Request.
  Time since last request: 0.000681 seconds.
  path: Assets/Prefabs/Subtitles/Picture4 1.png
  artifactKey: Guid(53ec8db996e4e7647a07c49562427378) Importer(815301076,1909f56bfc062723c751e8b465ee728b)
Start importing Assets/Prefabs/Subtitles/Picture4 1.png using Guid(53ec8db996e4e7647a07c49562427378) Importer(815301076,1909f56bfc062723c751e8b465ee728b)  -> (artifact id: '61490e2358dd5d26cd97e43a42789d28') in 0.134897 seconds 
  Import took 0.145542 seconds .

========================================================================
Received Import Request.
  Time since last request: 0.000213 seconds.
  path: Assets/Prefabs/Subtitles/Picture5.png
  artifactKey: Guid(61ba9c21ac4e1d24f8fcb75f139df276) Importer(815301076,1909f56bfc062723c751e8b465ee728b)
Start importing Assets/Prefabs/Subtitles/Picture5.png using Guid(61ba9c21ac4e1d24f8fcb75f139df276) Importer(815301076,1909f56bfc062723c751e8b465ee728b)  -> (artifact id: '5b812c8c9c52d14b7f710714ae0a98d1') in 0.087096 seconds 
  Import took 0.191311 seconds .

========================================================================
Received Import Request.
  Time since last request: 0.000964 seconds.
  path: Assets/Prefabs/Subtitles/Picture6.png
  artifactKey: Guid(cb2a1b6cdd254684383f1dfb63c298f8) Importer(815301076,1909f56bfc062723c751e8b465ee728b)
Start importing Assets/Prefabs/Subtitles/Picture6.png using Guid(cb2a1b6cdd254684383f1dfb63c298f8) Importer(815301076,1909f56bfc062723c751e8b465ee728b)  -> (artifact id: '238e055f73a18d85f6c7bcf00f85f994') in 0.097431 seconds 
  Import took 0.171905 seconds .

========================================================================
Received Import Request.
  Time since last request: 0.000275 seconds.
  path: Assets/Prefabs/Subtitles/Picture3.png
  artifactKey: Guid(3b9dd1d677b04924fb20a833db7ccaa1) Importer(815301076,1909f56bfc062723c751e8b465ee728b)
Start importing Assets/Prefabs/Subtitles/Picture3.png using Guid(3b9dd1d677b04924fb20a833db7ccaa1) Importer(815301076,1909f56bfc062723c751e8b465ee728b)  -> (artifact id: '24f5981106daa88b94ed8356abc89de4') in 0.084114 seconds 
  Import took 0.254038 seconds .

========================================================================
Received Prepare
Registering precompiled user dll's ...
Registered in 0.320706 seconds.
Begin MonoManager ReloadAssembly
Native extension for WindowsStandalone target not found
Native extension for WebGL target not found
Refreshing native plugins compatible for Editor in 1.35 ms, found 2 plugins.
Preloading 0 native plugins for Editor in 0.00 ms.
Mono: successfully reloaded assembly
- Completed reload, in 10.200 seconds
Domain Reload Profiling:
	ReloadAssembly (10212ms)
		BeginReloadAssembly (2341ms)
			ExecutionOrderSort (0ms)
			DisableScriptedObjects (465ms)
			BackupInstance (0ms)
			ReleaseScriptingObjects (0ms)
			CreateAndSetChildDomain (842ms)
		EndReloadAssembly (7775ms)
			LoadAssemblies (4497ms)
			RebuildTransferFunctionScriptingTraits (0ms)
			SetupTypeCache (591ms)
			ReleaseScriptCaches (9ms)
			RebuildScriptCaches (155ms)
			SetupLoadedEditorAssemblies (1184ms)
				LogAssemblyErrors (0ms)
				InitializePlatformSupportModulesInManaged (7ms)
				SetLoadedEditorAssemblies (1ms)
				RefreshPlugins (1ms)
				BeforeProcessingInitializeOnLoad (203ms)
				ProcessInitializeOnLoadAttributes (958ms)
				ProcessInitializeOnLoadMethodAttributes (7ms)
				AfterProcessingInitializeOnLoad (7ms)
				EditorAssembliesLoaded (0ms)
			ExecutionOrderSort2 (0ms)
			AwakeInstancesAfterBackupRestoration (30ms)
Platform modules already initialized, skipping
Refreshing native plugins compatible for Editor in 1.54 ms, found 2 plugins.
Preloading 0 native plugins for Editor in 0.00 ms.
Unloading 4570 Unused Serialized files (Serialized files now loaded: 0)
System memory in use before: 321.9 MB.
System memory in use after: 322.3 MB.

Unloading 18 unused Assets to reduce memory usage. Loaded Objects now: 6047.
Total: 7.175100 ms (FindLiveObjects: 0.811700 ms CreateObjectMapping: 1.174500 ms MarkObjects: 5.002300 ms  DeleteObjects: 0.184700 ms)

AssetImportParameters requested are different than current active one (requested -> active):
  custom:framework-win-MediaFoundation: 216162199b28c13a410421893ffa2e32 -> 
  custom:video-decoder-ogg-theora: a1e56fd34408186e4bbccfd4996cb3dc -> 
  custom:container-muxer-webm: aa71ff27fc2769a1b78a27578f13a17b -> 
  custom:container-demuxer-webm: 4f35f7cbe854078d1ac9338744f61a02 -> 
  custom:container-demuxer-ogg: 62fdf1f143b41e24485cea50d1cbac27 -> 
  custom:video-encoder-webm-vp8: eb34c28f22e8b96e1ab97ce403110664 -> 
  custom:video-decoder-webm-vp8: 9c59270c3fd7afecdb556c50c9e8de78 -> 
  custom:audio-decoder-ogg-vorbis: bf7c407c2cedff20999df2af8eb42d56 -> 
  custom:audio-encoder-webm-vorbis: bf7c407c2cedff20999df2af8eb42d56 -> 
========================================================================
Received Import Request.
  Time since last request: 859.053849 seconds.
  path: Assets/Prefabs/Subtitles/New Material.mat
  artifactKey: Guid(beb2929be2cd69d46957857a2d2baf06) Importer(815301076,1909f56bfc062723c751e8b465ee728b)
Start importing Assets/Prefabs/Subtitles/New Material.mat using Guid(beb2929be2cd69d46957857a2d2baf06) Importer(815301076,1909f56bfc062723c751e8b465ee728b)  -> (artifact id: '4d2b074cd6f35620717365314a5da683') in 1.892124 seconds 
  Import took 1.940783 seconds .

========================================================================
Received Import Request.
  Time since last request: 27.035067 seconds.
  path: Assets/Scenes/Map.unity
  artifactKey: Guid(f97a5a9d8eb5c9b4b899ccc375629cd9) Importer(815301076,1909f56bfc062723c751e8b465ee728b)
Start importing Assets/Scenes/Map.unity using Guid(f97a5a9d8eb5c9b4b899ccc375629cd9) Importer(815301076,1909f56bfc062723c751e8b465ee728b)  -> (artifact id: 'dc40300387e3dfd40978903bd9822498') in 0.004130 seconds 
  Import took 0.035239 seconds .

AssetImportWorkerClient::OnTransportError - code=2 error=End of file
